<?xml version="1.0" ?>
<coverage version="7.14.0" timestamp="1779867581024" lines-valid="9530" lines-covered="6305" line-rate="0.6616" branches-valid="2000" branches-covered="494" branch-rate="0.247" complexity="0">
	<!-- Generated by coverage.py: https://coverage.readthedocs.io/en/7.14.0 -->
	<!-- Based on https://raw.githubusercontent.com/cobertura/web/master/htdocs/xml/coverage-04.dtd -->
	<sources>
		<source>/home/administrator/iwms2/iwms-backend/app</source>
	</sources>
	<packages>
		<package name="." line-rate="1" branch-rate="1" complexity="0">
			<classes>
				<class name="__init__.py" filename="__init__.py" complexity="0" line-rate="1" branch-rate="1">
					<methods/>
					<lines/>
				</class>
			</classes>
		</package>
		<package name="apis" line-rate="0.4808" branch-rate="0" complexity="0">
			<classes>
				<class name="__init__.py" filename="apis/__init__.py" complexity="0" line-rate="1" branch-rate="1">
					<methods/>
					<lines/>
				</class>
				<class name="property_api.py" filename="apis/property_api.py" complexity="0" line-rate="0.4808" branch-rate="0">
					<methods/>
					<lines>
						<line number="1" hits="1"/>
						<line number="2" hits="1"/>
						<line number="3" hits="1"/>
						<line number="4" hits="1"/>
						<line number="5" hits="1"/>
						<line number="7" hits="1"/>
						<line number="8" hits="1"/>
						<line number="9" hits="1"/>
						<line number="10" hits="1"/>
						<line number="11" hits="1"/>
						<line number="12" hits="1"/>
						<line number="13" hits="1"/>
						<line number="14" hits="1"/>
						<line number="15" hits="1"/>
						<line number="18" hits="1"/>
						<line number="19" hits="1"/>
						<line number="20" hits="1"/>
						<line number="21" hits="1"/>
						<line number="22" hits="0"/>
						<line number="24" hits="0" branch="true" condition-coverage="0% (0/2)" missing-branches="25,30"/>
						<line number="25" hits="0"/>
						<line number="30" hits="0"/>
						<line number="32" hits="0"/>
						<line number="34" hits="0"/>
						<line number="42" hits="1"/>
						<line number="43" hits="1"/>
						<line number="44" hits="1"/>
						<line number="45" hits="1"/>
						<line number="46" hits="0"/>
						<line number="48" hits="0" branch="true" condition-coverage="0% (0/2)" missing-branches="49,54"/>
						<line number="49" hits="0"/>
						<line number="54" hits="0"/>
						<line number="56" hits="0"/>
						<line number="58" hits="0"/>
						<line number="65" hits="1"/>
						<line number="66" hits="1"/>
						<line number="67" hits="1"/>
						<line number="68" hits="1"/>
						<line number="69" hits="0"/>
						<line number="71" hits="0" branch="true" condition-coverage="0% (0/2)" missing-branches="72,77"/>
						<line number="72" hits="0"/>
						<line number="77" hits="0"/>
						<line number="79" hits="0"/>
						<line number="81" hits="0"/>
						<line number="89" hits="1"/>
						<line number="90" hits="1"/>
						<line number="91" hits="1"/>
						<line number="92" hits="1"/>
						<line number="93" hits="0"/>
						<line number="95" hits="0" branch="true" condition-coverage="0% (0/2)" missing-branches="96,101"/>
						<line number="96" hits="0"/>
						<line number="101" hits="0"/>
						<line number="103" hits="0"/>
						<line number="105" hits="0"/>
						<line number="112" hits="1"/>
						<line number="113" hits="1"/>
						<line number="114" hits="1"/>
						<line number="115" hits="1"/>
						<line number="116" hits="0"/>
						<line number="118" hits="0" branch="true" condition-coverage="0% (0/2)" missing-branches="119,124"/>
						<line number="119" hits="0"/>
						<line number="124" hits="0"/>
						<line number="126" hits="0"/>
						<line number="128" hits="0"/>
						<line number="134" hits="1"/>
						<line number="135" hits="1"/>
						<line number="136" hits="1"/>
						<line number="137" hits="1"/>
						<line number="138" hits="0"/>
						<line number="140" hits="0" branch="true" condition-coverage="0% (0/2)" missing-branches="141,146"/>
						<line number="141" hits="0"/>
						<line number="146" hits="0"/>
						<line number="148" hits="0"/>
						<line number="150" hits="0"/>
						<line number="157" hits="1"/>
						<line number="158" hits="1"/>
						<line number="159" hits="1"/>
						<line number="160" hits="1"/>
						<line number="161" hits="0"/>
						<line number="163" hits="0" branch="true" condition-coverage="0% (0/2)" missing-branches="164,169"/>
						<line number="164" hits="0"/>
						<line number="169" hits="0"/>
						<line number="171" hits="0"/>
						<line number="173" hits="0"/>
						<line number="179" hits="1"/>
						<line number="180" hits="1"/>
						<line number="181" hits="1"/>
						<line number="182" hits="1"/>
						<line number="183" hits="0"/>
						<line number="185" hits="0" branch="true" condition-coverage="0% (0/2)" missing-branches="186,191"/>
						<line number="186" hits="0"/>
						<line number="191" hits="0"/>
						<line number="193" hits="0"/>
						<line number="195" hits="0"/>
						<line number="202" hits="1"/>
						<line number="203" hits="1"/>
						<line number="204" hits="1"/>
						<line number="205" hits="1"/>
						<line number="206" hits="0"/>
						<line number="208" hits="0" branch="true" condition-coverage="0% (0/2)" missing-branches="209,214"/>
						<line number="209" hits="0"/>
						<line number="214" hits="0"/>
						<line number="216" hits="0"/>
						<line number="218" hits="0"/>
					</lines>
				</class>
			</classes>
		</package>
		<package name="authentication" line-rate="0.6735" branch-rate="0.5" complexity="0">
			<classes>
				<class name="__init__.py" filename="authentication/__init__.py" complexity="0" line-rate="1" branch-rate="1">
					<methods/>
					<lines/>
				</class>
				<class name="jwt.py" filename="authentication/jwt.py" complexity="0" line-rate="0.6735" branch-rate="0.5">
					<methods/>
					<lines>
						<line number="1" hits="1"/>
						<line number="2" hits="1"/>
						<line number="3" hits="1"/>
						<line number="4" hits="1"/>
						<line number="5" hits="1"/>
						<line number="6" hits="1"/>
						<line number="7" hits="1"/>
						<line number="10" hits="1"/>
						<line number="16" hits="1"/>
						<line number="17" hits="1"/>
						<line number="18" hits="1"/>
						<line number="21" hits="1" branch="true" condition-coverage="50% (1/2)" missing-branches="22"/>
						<line number="22" hits="0"/>
						<line number="23" hits="1" branch="true" condition-coverage="50% (1/2)" missing-branches="24"/>
						<line number="24" hits="0"/>
						<line number="26" hits="1"/>
						<line number="27" hits="1" branch="true" condition-coverage="100% (2/2)"/>
						<line number="28" hits="1"/>
						<line number="30" hits="1"/>
						<line number="32" hits="1"/>
						<line number="33" hits="1" branch="true" condition-coverage="50% (1/2)" missing-branches="34"/>
						<line number="34" hits="0"/>
						<line number="36" hits="1"/>
						<line number="37" hits="1"/>
						<line number="38" hits="0"/>
						<line number="39" hits="0"/>
						<line number="40" hits="0"/>
						<line number="41" hits="0"/>
						<line number="43" hits="1"/>
						<line number="44" hits="1" branch="true" condition-coverage="50% (1/2)" missing-branches="45"/>
						<line number="45" hits="0"/>
						<line number="48" hits="1"/>
						<line number="49" hits="1" branch="true" condition-coverage="50% (1/2)" missing-branches="50"/>
						<line number="50" hits="0"/>
						<line number="51" hits="0"/>
						<line number="54" hits="1"/>
						<line number="55" hits="1" branch="true" condition-coverage="50% (1/2)" missing-branches="56"/>
						<line number="56" hits="0"/>
						<line number="57" hits="0"/>
						<line number="60" hits="1"/>
						<line number="61" hits="1"/>
						<line number="62" hits="1" branch="true" condition-coverage="50% (1/2)" missing-branches="63"/>
						<line number="63" hits="0"/>
						<line number="64" hits="0" branch="true" condition-coverage="0% (0/2)" missing-branches="65,66"/>
						<line number="65" hits="0"/>
						<line number="66" hits="1" branch="true" condition-coverage="50% (1/2)" missing-branches="70"/>
						<line number="67" hits="1"/>
						<line number="68" hits="1"/>
						<line number="70" hits="0"/>
					</lines>
				</class>
			</classes>
		</package>
		<package name="middleware" line-rate="0.4767" branch-rate="0.3293" complexity="0">
			<classes>
				<class name="module_permission_middleware.py" filename="middleware/module_permission_middleware.py" complexity="0" line-rate="0.4286" branch-rate="0.3077">
					<methods/>
					<lines>
						<line number="1" hits="1"/>
						<line number="2" hits="1"/>
						<line number="4" hits="1"/>
						<line number="5" hits="1"/>
						<line number="6" hits="1"/>
						<line number="7" hits="1"/>
						<line number="8" hits="1"/>
						<line number="10" hits="1"/>
						<line number="11" hits="1"/>
						<line number="12" hits="1"/>
						<line number="19" hits="1"/>
						<line number="33" hits="1"/>
						<line number="39" hits="1"/>
						<line number="50" hits="1"/>
						<line number="56" hits="1"/>
						<line number="60" hits="1"/>
						<line number="70" hits="1"/>
						<line number="148" hits="1"/>
						<line number="150" hits="1"/>
						<line number="152" hits="1"/>
						<line number="158" hits="1"/>
						<line number="169" hits="1"/>
						<line number="170" hits="1"/>
						<line number="173" hits="1"/>
						<line number="174" hits="1"/>
						<line number="175" hits="1" branch="true" condition-coverage="100% (2/2)"/>
						<line number="176" hits="1" branch="true" condition-coverage="100% (2/2)"/>
						<line number="177" hits="1"/>
						<line number="178" hits="1" branch="true" condition-coverage="100% (2/2)"/>
						<line number="179" hits="1"/>
						<line number="180" hits="1" branch="true" condition-coverage="100% (2/2)"/>
						<line number="181" hits="1"/>
						<line number="182" hits="1"/>
						<line number="185" hits="1"/>
						<line number="186" hits="0"/>
						<line number="187" hits="0"/>
						<line number="188" hits="0"/>
						<line number="189" hits="0"/>
						<line number="190" hits="0"/>
						<line number="192" hits="0" branch="true" condition-coverage="0% (0/2)" missing-branches="193,195"/>
						<line number="193" hits="0"/>
						<line number="195" hits="0"/>
						<line number="196" hits="0" branch="true" condition-coverage="0% (0/2)" missing-branches="197,198"/>
						<line number="197" hits="0"/>
						<line number="198" hits="0"/>
						<line number="201" hits="1"/>
						<line number="202" hits="0"/>
						<line number="213" hits="1"/>
						<line number="214" hits="1"/>
						<line number="216" hits="1" branch="true" condition-coverage="100% (2/2)"/>
						<line number="217" hits="1"/>
						<line number="219" hits="1"/>
						<line number="220" hits="1"/>
						<line number="222" hits="1"/>
						<line number="223" hits="1"/>
						<line number="224" hits="0"/>
						<line number="225" hits="0"/>
						<line number="226" hits="0"/>
						<line number="227" hits="0"/>
						<line number="229" hits="1"/>
						<line number="230" hits="1" branch="true" condition-coverage="50% (1/2)" missing-branches="231"/>
						<line number="231" hits="0"/>
						<line number="234" hits="1"/>
						<line number="235" hits="1" branch="true" condition-coverage="50% (1/2)" missing-branches="236"/>
						<line number="236" hits="0"/>
						<line number="237" hits="0"/>
						<line number="238" hits="0"/>
						<line number="241" hits="1"/>
						<line number="242" hits="1" branch="true" condition-coverage="50% (1/2)" missing-branches="243"/>
						<line number="243" hits="0"/>
						<line number="244" hits="0"/>
						<line number="245" hits="0"/>
						<line number="248" hits="1"/>
						<line number="249" hits="1"/>
						<line number="250" hits="1" branch="true" condition-coverage="50% (1/2)" missing-branches="251"/>
						<line number="251" hits="0"/>
						<line number="252" hits="0" branch="true" condition-coverage="0% (0/2)" missing-branches="253,255"/>
						<line number="253" hits="0"/>
						<line number="255" hits="1" branch="true" condition-coverage="50% (1/2)" missing-branches="260"/>
						<line number="256" hits="1"/>
						<line number="257" hits="1"/>
						<line number="258" hits="1"/>
						<line number="260" hits="0"/>
						<line number="263" hits="1"/>
						<line number="264" hits="0"/>
						<line number="265" hits="0"/>
						<line number="266" hits="0"/>
						<line number="267" hits="0"/>
						<line number="269" hits="0"/>
						<line number="270" hits="0"/>
						<line number="271" hits="0"/>
						<line number="272" hits="0"/>
						<line number="274" hits="0" branch="true" condition-coverage="0% (0/2)" missing-branches="275,277"/>
						<line number="275" hits="0"/>
						<line number="277" hits="0"/>
						<line number="285" hits="1"/>
						<line number="286" hits="0"/>
						<line number="287" hits="0" branch="true" condition-coverage="0% (0/2)" missing-branches="288,290"/>
						<line number="288" hits="0"/>
						<line number="290" hits="0"/>
						<line number="291" hits="0" branch="true" condition-coverage="0% (0/2)" missing-branches="292,294"/>
						<line number="292" hits="0"/>
						<line number="294" hits="0"/>
						<line number="297" hits="0"/>
						<line number="306" hits="0"/>
						<line number="307" hits="0" branch="true" condition-coverage="0% (0/2)" missing-branches="308,311"/>
						<line number="308" hits="0"/>
						<line number="309" hits="0"/>
						<line number="311" hits="0"/>
						<line number="318" hits="1"/>
						<line number="320" hits="1"/>
						<line number="322" hits="1" branch="true" condition-coverage="50% (1/2)" missing-branches="323"/>
						<line number="323" hits="0"/>
						<line number="325" hits="1" branch="true" condition-coverage="50% (1/2)" missing-branches="326"/>
						<line number="326" hits="0"/>
						<line number="328" hits="1" branch="true" condition-coverage="50% (1/2)" missing-branches="329"/>
						<line number="329" hits="0"/>
						<line number="331" hits="1" branch="true" condition-coverage="50% (1/2)" missing-branches="332"/>
						<line number="332" hits="0"/>
						<line number="333" hits="0"/>
						<line number="335" hits="1"/>
						<line number="336" hits="1" branch="true" condition-coverage="100% (2/2)"/>
						<line number="337" hits="1"/>
						<line number="339" hits="1"/>
						<line number="340" hits="1" branch="true" condition-coverage="100% (2/2)"/>
						<line number="341" hits="1"/>
						<line number="343" hits="1" branch="true" condition-coverage="50% (1/2)" missing-branches="346"/>
						<line number="344" hits="1"/>
						<line number="346" hits="0"/>
						<line number="347" hits="0" branch="true" condition-coverage="0% (0/2)" missing-branches="348,350"/>
						<line number="348" hits="0"/>
						<line number="350" hits="0"/>
						<line number="355" hits="0"/>
						<line number="357" hits="0"/>
						<line number="358" hits="0"/>
						<line number="362" hits="0"/>
						<line number="366" hits="0"/>
						<line number="371" hits="0" branch="true" condition-coverage="0% (0/2)" missing-branches="372,383"/>
						<line number="372" hits="0"/>
						<line number="383" hits="0"/>
						<line number="384" hits="0" branch="true" condition-coverage="0% (0/2)" missing-branches="385,387"/>
						<line number="385" hits="0"/>
						<line number="387" hits="0"/>
						<line number="388" hits="0"/>
						<line number="389" hits="0"/>
						<line number="395" hits="0" branch="true" condition-coverage="0% (0/2)" missing-branches="396,406"/>
						<line number="396" hits="0"/>
						<line number="406" hits="0"/>
						<line number="408" hits="1"/>
						<line number="409" hits="1"/>
						<line number="410" hits="0" branch="true" condition-coverage="0% (0/2)" missing-branches="411,412"/>
						<line number="411" hits="0"/>
						<line number="412" hits="0"/>
						<line number="414" hits="1"/>
						<line number="415" hits="0" branch="true" condition-coverage="0% (0/2)" missing-branches="416,418"/>
						<line number="416" hits="0"/>
						<line number="418" hits="0"/>
						<line number="428" hits="0" branch="true" condition-coverage="0% (0/2)" missing-branches="429,432"/>
						<line number="429" hits="0" branch="true" condition-coverage="0% (0/2)" missing-branches="428,430"/>
						<line number="430" hits="0"/>
						<line number="432" hits="0" branch="true" condition-coverage="0% (0/2)" missing-branches="433,447"/>
						<line number="433" hits="0"/>
						<line number="434" hits="0" branch="true" condition-coverage="0% (0/2)" missing-branches="432,435"/>
						<line number="435" hits="0"/>
						<line number="436" hits="0" branch="true" condition-coverage="0% (0/2)" missing-branches="437,438"/>
						<line number="437" hits="0"/>
						<line number="438" hits="0" branch="true" condition-coverage="0% (0/2)" missing-branches="439,440"/>
						<line number="439" hits="0"/>
						<line number="440" hits="0" branch="true" condition-coverage="0% (0/2)" missing-branches="441,442"/>
						<line number="441" hits="0"/>
						<line number="442" hits="0" branch="true" condition-coverage="0% (0/2)" missing-branches="443,444"/>
						<line number="443" hits="0"/>
						<line number="444" hits="0" branch="true" condition-coverage="0% (0/2)" missing-branches="434,445"/>
						<line number="445" hits="0"/>
						<line number="447" hits="0"/>
					</lines>
				</class>
				<class name="request_meta_middleware.py" filename="middleware/request_meta_middleware.py" complexity="0" line-rate="0.9444" branch-rate="0.75">
					<methods/>
					<lines>
						<line number="1" hits="1"/>
						<line number="5" hits="1"/>
						<line number="8" hits="1"/>
						<line number="9" hits="1" branch="true" condition-coverage="50% (1/2)" missing-branches="16"/>
						<line number="10" hits="1"/>
						<line number="11" hits="1" branch="true" condition-coverage="100% (2/2)"/>
						<line number="12" hits="1"/>
						<line number="16" hits="0"/>
						<line number="19" hits="1"/>
						<line number="20" hits="1"/>
						<line number="21" hits="1"/>
						<line number="23" hits="1"/>
						<line number="24" hits="1"/>
						<line number="28" hits="1"/>
						<line number="29" hits="1"/>
						<line number="30" hits="1"/>
						<line number="31" hits="1"/>
						<line number="32" hits="1"/>
					</lines>
				</class>
			</classes>
		</package>
		<package name="models" line-rate="1" branch-rate="1" complexity="0">
			<classes>
				<class name="__init__.py" filename="models/__init__.py" complexity="0" line-rate="1" branch-rate="1">
					<methods/>
					<lines>
						<line number="9" hits="1"/>
						<line number="10" hits="1"/>
						<line number="11" hits="1"/>
						<line number="17" hits="1"/>
						<line number="18" hits="1"/>
						<line number="19" hits="1"/>
						<line number="20" hits="1"/>
						<line number="21" hits="1"/>
						<line number="22" hits="1"/>
						<line number="28" hits="1"/>
						<line number="34" hits="1"/>
						<line number="35" hits="1"/>
						<line number="36" hits="1"/>
						<line number="42" hits="1"/>
						<line number="43" hits="1"/>
						<line number="49" hits="1"/>
						<line number="50" hits="1"/>
						<line number="56" hits="1"/>
						<line number="57" hits="1"/>
						<line number="63" hits="1"/>
						<line number="64" hits="1"/>
						<line number="65" hits="1"/>
						<line number="66" hits="1"/>
						<line number="67" hits="1"/>
						<line number="68" hits="1"/>
						<line number="69" hits="1"/>
						<line number="75" hits="1"/>
						<line number="79" hits="1"/>
						<line number="80" hits="1"/>
						<line number="81" hits="1"/>
						<line number="82" hits="1"/>
						<line number="88" hits="1"/>
						<line number="89" hits="1"/>
						<line number="95" hits="1"/>
						<line number="96" hits="1"/>
						<line number="97" hits="1"/>
						<line number="98" hits="1"/>
						<line number="104" hits="1"/>
						<line number="105" hits="1"/>
						<line number="106" hits="1"/>
						<line number="112" hits="1"/>
						<line number="122" hits="1"/>
						<line number="128" hits="1"/>
						<line number="129" hits="1"/>
						<line number="130" hits="1"/>
						<line number="131" hits="1"/>
						<line number="132" hits="1"/>
						<line number="138" hits="1"/>
						<line number="139" hits="1"/>
						<line number="140" hits="1"/>
						<line number="141" hits="1"/>
						<line number="142" hits="1"/>
						<line number="143" hits="1"/>
						<line number="144" hits="1"/>
						<line number="145" hits="1"/>
						<line number="146" hits="1"/>
						<line number="152" hits="1"/>
					</lines>
				</class>
			</classes>
		</package>
		<package name="models.assets" line-rate="0.8173" branch-rate="0.125" complexity="0">
			<classes>
				<class name="__init__.py" filename="models/assets/__init__.py" complexity="0" line-rate="1" branch-rate="1">
					<methods/>
					<lines/>
				</class>
				<class name="bin.py" filename="models/assets/bin.py" complexity="0" line-rate="0.8868" branch-rate="1">
					<methods/>
					<lines>
						<line number="1" hits="1"/>
						<line number="2" hits="1"/>
						<line number="3" hits="1"/>
						<line number="4" hits="1"/>
						<line number="5" hits="1"/>
						<line number="6" hits="1"/>
						<line number="9" hits="1"/>
						<line number="10" hits="0"/>
						<line number="13" hits="1"/>
						<line number="14" hits="1"/>
						<line number="15" hits="1"/>
						<line number="16" hits="1"/>
						<line number="17" hits="1"/>
						<line number="18" hits="1"/>
						<line number="21" hits="1"/>
						<line number="22" hits="1"/>
						<line number="23" hits="1"/>
						<line number="24" hits="1"/>
						<line number="27" hits="1"/>
						<line number="28" hits="1"/>
						<line number="29" hits="1"/>
						<line number="30" hits="1"/>
						<line number="31" hits="1"/>
						<line number="32" hits="1"/>
						<line number="35" hits="1"/>
						<line number="37" hits="1"/>
						<line number="45" hits="1"/>
						<line number="52" hits="1"/>
						<line number="59" hits="1"/>
						<line number="68" hits="1"/>
						<line number="69" hits="1"/>
						<line number="70" hits="1"/>
						<line number="71" hits="1"/>
						<line number="74" hits="1"/>
						<line number="77" hits="1"/>
						<line number="78" hits="1"/>
						<line number="81" hits="1"/>
						<line number="82" hits="1"/>
						<line number="83" hits="1"/>
						<line number="90" hits="1"/>
						<line number="91" hits="1"/>
						<line number="93" hits="1"/>
						<line number="94" hits="1"/>
						<line number="95" hits="1"/>
						<line number="100" hits="1"/>
						<line number="107" hits="1"/>
						<line number="108" hits="0"/>
						<line number="111" hits="1"/>
						<line number="112" hits="0"/>
						<line number="113" hits="0"/>
						<line number="114" hits="0"/>
						<line number="116" hits="1"/>
						<line number="117" hits="0"/>
					</lines>
				</class>
				<class name="bins.py" filename="models/assets/bins.py" complexity="0" line-rate="1" branch-rate="0.5">
					<methods/>
					<lines>
						<line number="1" hits="1"/>
						<line number="2" hits="1"/>
						<line number="3" hits="1"/>
						<line number="4" hits="1"/>
						<line number="5" hits="1"/>
						<line number="6" hits="1"/>
						<line number="7" hits="1"/>
						<line number="8" hits="1"/>
						<line number="9" hits="1"/>
						<line number="10" hits="1"/>
						<line number="13" hits="1"/>
						<line number="14" hits="1"/>
						<line number="17" hits="1"/>
						<line number="18" hits="1"/>
						<line number="19" hits="1"/>
						<line number="20" hits="1"/>
						<line number="23" hits="1"/>
						<line number="25" hits="1"/>
						<line number="32" hits="1"/>
						<line number="39" hits="1"/>
						<line number="47" hits="1"/>
						<line number="54" hits="1"/>
						<line number="63" hits="1"/>
						<line number="72" hits="1"/>
						<line number="79" hits="1"/>
						<line number="80" hits="1"/>
						<line number="81" hits="1"/>
						<line number="82" hits="1"/>
						<line number="83" hits="1"/>
						<line number="85" hits="1"/>
						<line number="86" hits="1"/>
						<line number="88" hits="1"/>
						<line number="89" hits="1" branch="true" condition-coverage="50% (1/2)" missing-branches="92"/>
						<line number="90" hits="1"/>
						<line number="91" hits="1"/>
						<line number="92" hits="1"/>
					</lines>
				</class>
				<class name="collection_point.py" filename="models/assets/collection_point.py" complexity="0" line-rate="0.8684" branch-rate="0.25">
					<methods/>
					<lines>
						<line number="1" hits="1"/>
						<line number="2" hits="1"/>
						<line number="3" hits="1"/>
						<line number="4" hits="1"/>
						<line number="5" hits="1"/>
						<line number="6" hits="1"/>
						<line number="7" hits="1"/>
						<line number="8" hits="1"/>
						<line number="9" hits="1"/>
						<line number="10" hits="1"/>
						<line number="11" hits="1"/>
						<line number="13" hits="1"/>
						<line number="14" hits="1"/>
						<line number="16" hits="1"/>
						<line number="17" hits="1"/>
						<line number="24" hits="1"/>
						<line number="31" hits="1"/>
						<line number="38" hits="1"/>
						<line number="46" hits="1"/>
						<line number="54" hits="1"/>
						<line number="63" hits="1"/>
						<line number="72" hits="1"/>
						<line number="81" hits="1"/>
						<line number="82" hits="1"/>
						<line number="83" hits="1"/>
						<line number="85" hits="1"/>
						<line number="86" hits="1"/>
						<line number="90" hits="1"/>
						<line number="91" hits="1" branch="true" condition-coverage="50% (1/2)" missing-branches="94"/>
						<line number="92" hits="1"/>
						<line number="94" hits="0" branch="true" condition-coverage="0% (0/2)" missing-branches="exit,95"/>
						<line number="95" hits="0"/>
						<line number="98" hits="1"/>
						<line number="99" hits="1" branch="true" condition-coverage="50% (1/2)" missing-branches="102"/>
						<line number="100" hits="1"/>
						<line number="102" hits="0" branch="true" condition-coverage="0% (0/2)" missing-branches="103,105"/>
						<line number="103" hits="0"/>
						<line number="105" hits="0"/>
					</lines>
				</class>
				<class name="point_collection.py" filename="models/assets/point_collection.py" complexity="0" line-rate="0.8056" branch-rate="0">
					<methods/>
					<lines>
						<line number="1" hits="1"/>
						<line number="2" hits="1"/>
						<line number="3" hits="1"/>
						<line number="4" hits="1"/>
						<line number="5" hits="1"/>
						<line number="6" hits="1"/>
						<line number="7" hits="1"/>
						<line number="8" hits="1"/>
						<line number="9" hits="1"/>
						<line number="10" hits="1"/>
						<line number="11" hits="1"/>
						<line number="12" hits="1"/>
						<line number="15" hits="1"/>
						<line number="16" hits="0"/>
						<line number="19" hits="1"/>
						<line number="21" hits="1"/>
						<line number="28" hits="1"/>
						<line number="35" hits="1"/>
						<line number="42" hits="1"/>
						<line number="51" hits="1"/>
						<line number="60" hits="1"/>
						<line number="65" hits="1"/>
						<line number="66" hits="1"/>
						<line number="68" hits="1"/>
						<line number="75" hits="1"/>
						<line number="82" hits="1"/>
						<line number="90" hits="1"/>
						<line number="91" hits="1"/>
						<line number="92" hits="1"/>
						<line number="95" hits="1"/>
						<line number="96" hits="0" branch="true" condition-coverage="0% (0/2)" missing-branches="97,100"/>
						<line number="97" hits="0"/>
						<line number="98" hits="0"/>
						<line number="100" hits="0" branch="true" condition-coverage="0% (0/2)" missing-branches="101,102"/>
						<line number="101" hits="0"/>
						<line number="102" hits="0"/>
					</lines>
				</class>
				<class name="weighbridge.py" filename="models/assets/weighbridge.py" complexity="0" line-rate="0.5556" branch-rate="0">
					<methods/>
					<lines>
						<line number="1" hits="1"/>
						<line number="2" hits="1"/>
						<line number="3" hits="1"/>
						<line number="4" hits="1"/>
						<line number="5" hits="1"/>
						<line number="6" hits="1"/>
						<line number="7" hits="1"/>
						<line number="8" hits="1"/>
						<line number="11" hits="1"/>
						<line number="12" hits="0"/>
						<line number="15" hits="1"/>
						<line number="17" hits="1"/>
						<line number="24" hits="1"/>
						<line number="31" hits="1"/>
						<line number="38" hits="1"/>
						<line number="45" hits="1"/>
						<line number="52" hits="1"/>
						<line number="59" hits="1"/>
						<line number="66" hits="1"/>
						<line number="72" hits="1"/>
						<line number="73" hits="1"/>
						<line number="75" hits="1"/>
						<line number="76" hits="1"/>
						<line number="83" hits="1"/>
						<line number="84" hits="1"/>
						<line number="85" hits="0"/>
						<line number="87" hits="0"/>
						<line number="91" hits="0"/>
						<line number="94" hits="1"/>
						<line number="96" hits="0"/>
						<line number="98" hits="0" branch="true" condition-coverage="0% (0/2)" missing-branches="99,114"/>
						<line number="99" hits="0"/>
						<line number="101" hits="0"/>
						<line number="105" hits="0" branch="true" condition-coverage="0% (0/2)" missing-branches="106,107"/>
						<line number="106" hits="0"/>
						<line number="107" hits="0" branch="true" condition-coverage="0% (0/2)" missing-branches="108,109"/>
						<line number="108" hits="0"/>
						<line number="109" hits="0" branch="true" condition-coverage="0% (0/2)" missing-branches="110,112"/>
						<line number="110" hits="0"/>
						<line number="112" hits="0"/>
						<line number="114" hits="0"/>
						<line number="116" hits="0" branch="true" condition-coverage="0% (0/2)" missing-branches="exit,117"/>
						<line number="117" hits="0"/>
						<line number="118" hits="0"/>
						<line number="119" hits="0"/>
					</lines>
				</class>
			</classes>
		</package>
		<package name="models.audits" line-rate="0.905" branch-rate="0" complexity="0">
			<classes>
				<class name="__init__.py" filename="models/audits/__init__.py" complexity="0" line-rate="1" branch-rate="1">
					<methods/>
					<lines/>
				</class>
				<class name="bin_load_log.py" filename="models/audits/bin_load_log.py" complexity="0" line-rate="0.9394" branch-rate="1">
					<methods/>
					<lines>
						<line number="1" hits="1"/>
						<line number="2" hits="1"/>
						<line number="3" hits="1"/>
						<line number="4" hits="1"/>
						<line number="5" hits="1"/>
						<line number="6" hits="1"/>
						<line number="7" hits="1"/>
						<line number="8" hits="1"/>
						<line number="9" hits="1"/>
						<line number="13" hits="1"/>
						<line number="14" hits="0"/>
						<line number="17" hits="1"/>
						<line number="19" hits="1"/>
						<line number="26" hits="1"/>
						<line number="34" hits="1"/>
						<line number="35" hits="1"/>
						<line number="36" hits="1"/>
						<line number="37" hits="1"/>
						<line number="40" hits="1"/>
						<line number="47" hits="1"/>
						<line number="53" hits="1"/>
						<line number="59" hits="1"/>
						<line number="65" hits="1"/>
						<line number="71" hits="1"/>
						<line number="82" hits="1"/>
						<line number="84" hits="1"/>
						<line number="89" hits="1"/>
						<line number="90" hits="1"/>
						<line number="92" hits="1"/>
						<line number="94" hits="1"/>
						<line number="95" hits="1"/>
						<line number="97" hits="1"/>
						<line number="98" hits="0"/>
					</lines>
				</class>
				<class name="permission_audit.py" filename="models/audits/permission_audit.py" complexity="0" line-rate="1" branch-rate="1">
					<methods/>
					<lines>
						<line number="1" hits="1"/>
						<line number="3" hits="1"/>
						<line number="4" hits="1"/>
						<line number="5" hits="1"/>
						<line number="6" hits="1"/>
						<line number="7" hits="1"/>
						<line number="8" hits="1"/>
						<line number="11" hits="1"/>
						<line number="14" hits="1"/>
						<line number="20" hits="1"/>
						<line number="28" hits="1"/>
						<line number="36" hits="1"/>
						<line number="44" hits="1"/>
						<line number="52" hits="1"/>
						<line number="60" hits="1"/>
						<line number="66" hits="1"/>
						<line number="67" hits="1"/>
						<line number="68" hits="1"/>
						<line number="69" hits="1"/>
						<line number="71" hits="1"/>
						<line number="72" hits="1"/>
						<line number="73" hits="1"/>
					</lines>
				</class>
				<class name="staff_template_audit_log.py" filename="models/audits/staff_template_audit_log.py" complexity="0" line-rate="0.8" branch-rate="0">
					<methods/>
					<lines>
						<line number="1" hits="1"/>
						<line number="2" hits="1"/>
						<line number="4" hits="1"/>
						<line number="5" hits="1"/>
						<line number="6" hits="1"/>
						<line number="7" hits="1"/>
						<line number="10" hits="1"/>
						<line number="11" hits="0"/>
						<line number="14" hits="1"/>
						<line number="15" hits="1"/>
						<line number="16" hits="1"/>
						<line number="17" hits="1"/>
						<line number="19" hits="1"/>
						<line number="20" hits="1"/>
						<line number="21" hits="1"/>
						<line number="22" hits="1"/>
						<line number="23" hits="1"/>
						<line number="25" hits="1"/>
						<line number="26" hits="1"/>
						<line number="27" hits="1"/>
						<line number="28" hits="1"/>
						<line number="30" hits="1"/>
						<line number="37" hits="1"/>
						<line number="42" hits="1"/>
						<line number="48" hits="1"/>
						<line number="52" hits="1"/>
						<line number="59" hits="1"/>
						<line number="65" hits="1"/>
						<line number="71" hits="1"/>
						<line number="76" hits="1"/>
						<line number="80" hits="1"/>
						<line number="82" hits="1"/>
						<line number="83" hits="1"/>
						<line number="84" hits="1"/>
						<line number="90" hits="1"/>
						<line number="91" hits="0"/>
						<line number="93" hits="1"/>
						<line number="94" hits="0" branch="true" condition-coverage="0% (0/2)" missing-branches="95,97"/>
						<line number="95" hits="0"/>
						<line number="97" hits="0"/>
						<line number="102" hits="0" branch="true" condition-coverage="0% (0/2)" missing-branches="exit,103"/>
						<line number="103" hits="0"/>
						<line number="107" hits="1"/>
						<line number="108" hits="0"/>
						<line number="109" hits="0"/>
					</lines>
				</class>
				<class name="supervisor_zone_access_audit.py" filename="models/audits/supervisor_zone_access_audit.py" complexity="0" line-rate="0.9167" branch-rate="1">
					<methods/>
					<lines>
						<line number="1" hits="1"/>
						<line number="2" hits="1"/>
						<line number="3" hits="1"/>
						<line number="4" hits="1"/>
						<line number="5" hits="1"/>
						<line number="7" hits="1"/>
						<line number="8" hits="0"/>
						<line number="10" hits="1"/>
						<line number="14" hits="1"/>
						<line number="24" hits="1"/>
						<line number="32" hits="1"/>
						<line number="41" hits="1"/>
						<line number="47" hits="1"/>
						<line number="57" hits="1"/>
						<line number="63" hits="1"/>
						<line number="71" hits="1"/>
						<line number="75" hits="1"/>
						<line number="81" hits="1"/>
						<line number="86" hits="1"/>
						<line number="88" hits="1"/>
						<line number="89" hits="1"/>
						<line number="90" hits="1"/>
						<line number="96" hits="1"/>
						<line number="97" hits="0"/>
					</lines>
				</class>
				<class name="trip_exception_log.py" filename="models/audits/trip_exception_log.py" complexity="0" line-rate="0.9333" branch-rate="1">
					<methods/>
					<lines>
						<line number="1" hits="1"/>
						<line number="2" hits="1"/>
						<line number="3" hits="1"/>
						<line number="4" hits="1"/>
						<line number="5" hits="1"/>
						<line number="9" hits="1"/>
						<line number="10" hits="0"/>
						<line number="13" hits="1"/>
						<line number="17" hits="1"/>
						<line number="24" hits="1"/>
						<line number="32" hits="1"/>
						<line number="33" hits="1"/>
						<line number="34" hits="1"/>
						<line number="35" hits="1"/>
						<line number="36" hits="1"/>
						<line number="37" hits="1"/>
						<line number="39" hits="1"/>
						<line number="40" hits="1"/>
						<line number="41" hits="1"/>
						<line number="43" hits="1"/>
						<line number="50" hits="1"/>
						<line number="58" hits="1"/>
						<line number="63" hits="1"/>
						<line number="69" hits="1"/>
						<line number="75" hits="1"/>
						<line number="77" hits="1"/>
						<line number="78" hits="1"/>
						<line number="79" hits="1"/>
						<line number="86" hits="1"/>
						<line number="87" hits="0"/>
					</lines>
				</class>
				<class name="vehicle_trip_audit.py" filename="models/audits/vehicle_trip_audit.py" complexity="0" line-rate="0.92" branch-rate="1">
					<methods/>
					<lines>
						<line number="1" hits="1"/>
						<line number="2" hits="1"/>
						<line number="3" hits="1"/>
						<line number="4" hits="1"/>
						<line number="5" hits="1"/>
						<line number="6" hits="1"/>
						<line number="10" hits="1"/>
						<line number="11" hits="0"/>
						<line number="14" hits="1"/>
						<line number="19" hits="1"/>
						<line number="26" hits="1"/>
						<line number="34" hits="1"/>
						<line number="41" hits="1"/>
						<line number="49" hits="1"/>
						<line number="58" hits="1"/>
						<line number="61" hits="1"/>
						<line number="65" hits="1"/>
						<line number="71" hits="1"/>
						<line number="76" hits="1"/>
						<line number="80" hits="1"/>
						<line number="82" hits="1"/>
						<line number="83" hits="1"/>
						<line number="84" hits="1"/>
						<line number="89" hits="1"/>
						<line number="90" hits="0"/>
					</lines>
				</class>
			</classes>
		</package>
		<package name="models.collections" line-rate="0.9634" branch-rate="1" complexity="0">
			<classes>
				<class name="__init__.py" filename="models/collections/__init__.py" complexity="0" line-rate="1" branch-rate="1">
					<methods/>
					<lines/>
				</class>
				<class name="panchayat_wise_collection.py" filename="models/collections/panchayat_wise_collection.py" complexity="0" line-rate="0.9615" branch-rate="1">
					<methods/>
					<lines>
						<line number="1" hits="1"/>
						<line number="2" hits="1"/>
						<line number="3" hits="1"/>
						<line number="4" hits="1"/>
						<line number="5" hits="1"/>
						<line number="6" hits="1"/>
						<line number="7" hits="1"/>
						<line number="8" hits="1"/>
						<line number="9" hits="1"/>
						<line number="10" hits="1"/>
						<line number="13" hits="1"/>
						<line number="14" hits="0"/>
						<line number="17" hits="1"/>
						<line number="19" hits="1"/>
						<line number="26" hits="1"/>
						<line number="33" hits="1"/>
						<line number="40" hits="1"/>
						<line number="46" hits="1"/>
						<line number="55" hits="1"/>
						<line number="57" hits="1"/>
						<line number="64" hits="1"/>
						<line number="71" hits="1"/>
						<line number="78" hits="1"/>
						<line number="79" hits="1"/>
						<line number="81" hits="1"/>
						<line number="82" hits="1"/>
					</lines>
				</class>
				<class name="ward_wise_collection.py" filename="models/collections/ward_wise_collection.py" complexity="0" line-rate="1" branch-rate="1">
					<methods/>
					<lines>
						<line number="1" hits="1"/>
						<line number="2" hits="1"/>
						<line number="3" hits="1"/>
						<line number="4" hits="1"/>
						<line number="5" hits="1"/>
						<line number="6" hits="1"/>
						<line number="7" hits="1"/>
						<line number="8" hits="1"/>
						<line number="9" hits="1"/>
						<line number="10" hits="1"/>
						<line number="13" hits="1"/>
						<line number="14" hits="1"/>
						<line number="17" hits="1"/>
						<line number="19" hits="1"/>
						<line number="26" hits="1"/>
						<line number="33" hits="1"/>
						<line number="40" hits="1"/>
						<line number="49" hits="1"/>
						<line number="55" hits="1"/>
						<line number="57" hits="1"/>
						<line number="64" hits="1"/>
						<line number="71" hits="1"/>
						<line number="78" hits="1"/>
						<line number="79" hits="1"/>
						<line number="81" hits="1"/>
						<line number="82" hits="1"/>
					</lines>
				</class>
				<class name="zone_wise_collection.py" filename="models/collections/zone_wise_collection.py" complexity="0" line-rate="0.9333" branch-rate="1">
					<methods/>
					<lines>
						<line number="1" hits="1"/>
						<line number="2" hits="1"/>
						<line number="3" hits="1"/>
						<line number="4" hits="1"/>
						<line number="5" hits="1"/>
						<line number="6" hits="1"/>
						<line number="7" hits="1"/>
						<line number="8" hits="1"/>
						<line number="9" hits="1"/>
						<line number="12" hits="1"/>
						<line number="13" hits="0"/>
						<line number="16" hits="1"/>
						<line number="18" hits="1"/>
						<line number="25" hits="1"/>
						<line number="32" hits="1"/>
						<line number="39" hits="1"/>
						<line number="45" hits="1"/>
						<line number="49" hits="1"/>
						<line number="51" hits="1"/>
						<line number="58" hits="1"/>
						<line number="65" hits="1"/>
						<line number="72" hits="1"/>
						<line number="73" hits="1"/>
						<line number="75" hits="1"/>
						<line number="76" hits="1"/>
						<line number="78" hits="1"/>
						<line number="79" hits="1"/>
						<line number="80" hits="1"/>
						<line number="82" hits="1"/>
						<line number="83" hits="0"/>
					</lines>
				</class>
			</classes>
		</package>
		<package name="models.common_masters" line-rate="1" branch-rate="1" complexity="0">
			<classes>
				<class name="__init__.py" filename="models/common_masters/__init__.py" complexity="0" line-rate="1" branch-rate="1">
					<methods/>
					<lines/>
				</class>
				<class name="continent.py" filename="models/common_masters/continent.py" complexity="0" line-rate="1" branch-rate="1">
					<methods/>
					<lines>
						<line number="1" hits="1"/>
						<line number="2" hits="1"/>
						<line number="3" hits="1"/>
						<line number="6" hits="1"/>
						<line number="7" hits="1"/>
						<line number="10" hits="1"/>
						<line number="12" hits="1"/>
						<line number="19" hits="1"/>
						<line number="21" hits="1"/>
						<line number="22" hits="1"/>
						<line number="24" hits="1"/>
						<line number="25" hits="1"/>
						<line number="27" hits="1"/>
						<line number="28" hits="1"/>
						<line number="29" hits="1"/>
					</lines>
				</class>
				<class name="country.py" filename="models/common_masters/country.py" complexity="0" line-rate="1" branch-rate="1">
					<methods/>
					<lines>
						<line number="1" hits="1"/>
						<line number="2" hits="1"/>
						<line number="3" hits="1"/>
						<line number="4" hits="1"/>
						<line number="7" hits="1"/>
						<line number="8" hits="1"/>
						<line number="11" hits="1"/>
						<line number="13" hits="1"/>
						<line number="20" hits="1"/>
						<line number="28" hits="1"/>
						<line number="29" hits="1"/>
						<line number="30" hits="1"/>
						<line number="32" hits="1"/>
						<line number="33" hits="1"/>
						<line number="35" hits="1"/>
						<line number="36" hits="1"/>
						<line number="38" hits="1"/>
						<line number="39" hits="1"/>
						<line number="40" hits="1"/>
					</lines>
				</class>
				<class name="state.py" filename="models/common_masters/state.py" complexity="0" line-rate="1" branch-rate="1">
					<methods/>
					<lines>
						<line number="1" hits="1"/>
						<line number="2" hits="1"/>
						<line number="3" hits="1"/>
						<line number="4" hits="1"/>
						<line number="5" hits="1"/>
						<line number="8" hits="1"/>
						<line number="9" hits="1"/>
						<line number="12" hits="1"/>
						<line number="14" hits="1"/>
						<line number="21" hits="1"/>
						<line number="29" hits="1"/>
						<line number="37" hits="1"/>
						<line number="38" hits="1"/>
						<line number="40" hits="1"/>
						<line number="41" hits="1"/>
						<line number="42" hits="1"/>
						<line number="44" hits="1"/>
						<line number="45" hits="1"/>
						<line number="47" hits="1"/>
						<line number="48" hits="1"/>
						<line number="49" hits="1"/>
					</lines>
				</class>
			</classes>
		</package>
		<package name="models.customers" line-rate="0.8029" branch-rate="0.5" complexity="0">
			<classes>
				<class name="__init__.py" filename="models/customers/__init__.py" complexity="0" line-rate="1" branch-rate="1">
					<methods/>
					<lines/>
				</class>
				<class name="customercreation.py" filename="models/customers/customercreation.py" complexity="0" line-rate="0.8714" branch-rate="0.6333">
					<methods/>
					<lines>
						<line number="1" hits="1"/>
						<line number="2" hits="1"/>
						<line number="3" hits="1"/>
						<line number="4" hits="1"/>
						<line number="5" hits="1"/>
						<line number="6" hits="1"/>
						<line number="7" hits="1"/>
						<line number="8" hits="1"/>
						<line number="9" hits="1"/>
						<line number="10" hits="1"/>
						<line number="11" hits="1"/>
						<line number="12" hits="1"/>
						<line number="13" hits="1"/>
						<line number="14" hits="1"/>
						<line number="15" hits="1"/>
						<line number="16" hits="1"/>
						<line number="17" hits="1"/>
						<line number="25" hits="1"/>
						<line number="27" hits="1"/>
						<line number="29" hits="1"/>
						<line number="31" hits="0"/>
						<line number="34" hits="1"/>
						<line number="35" hits="0"/>
						<line number="37" hits="0"/>
						<line number="45" hits="0" branch="true" condition-coverage="0% (0/2)" missing-branches="46,48"/>
						<line number="46" hits="0"/>
						<line number="48" hits="0"/>
						<line number="50" hits="1"/>
						<line number="51" hits="1"/>
						<line number="64" hits="1"/>
						<line number="77" hits="1"/>
						<line number="85" hits="1"/>
						<line number="93" hits="1"/>
						<line number="94" hits="1"/>
						<line number="95" hits="1"/>
						<line number="96" hits="1"/>
						<line number="97" hits="1"/>
						<line number="98" hits="1"/>
						<line number="100" hits="1"/>
						<line number="107" hits="1"/>
						<line number="108" hits="1"/>
						<line number="109" hits="1"/>
						<line number="110" hits="1"/>
						<line number="111" hits="1"/>
						<line number="113" hits="1"/>
						<line number="114" hits="1"/>
						<line number="115" hits="1"/>
						<line number="116" hits="1"/>
						<line number="117" hits="1"/>
						<line number="118" hits="1"/>
						<line number="120" hits="1"/>
						<line number="121" hits="1"/>
						<line number="122" hits="1"/>
						<line number="127" hits="1"/>
						<line number="128" hits="1"/>
						<line number="129" hits="1"/>
						<line number="131" hits="1"/>
						<line number="137" hits="1"/>
						<line number="144" hits="1"/>
						<line number="145" hits="1"/>
						<line number="146" hits="1"/>
						<line number="149" hits="1"/>
						<line number="151" hits="1"/>
						<line number="160" hits="1"/>
						<line number="167" hits="1"/>
						<line number="174" hits="1"/>
						<line number="176" hits="1"/>
						<line number="183" hits="1"/>
						<line number="193" hits="1"/>
						<line number="201" hits="1"/>
						<line number="210" hits="1"/>
						<line number="215" hits="1"/>
						<line number="216" hits="1"/>
						<line number="218" hits="1"/>
						<line number="227" hits="1"/>
						<line number="239" hits="1"/>
						<line number="247" hits="1"/>
						<line number="248" hits="1"/>
						<line number="249" hits="1"/>
						<line number="250" hits="1"/>
						<line number="252" hits="1"/>
						<line number="253" hits="0"/>
						<line number="258" hits="0"/>
						<line number="260" hits="1"/>
						<line number="262" hits="1"/>
						<line number="263" hits="1"/>
						<line number="264" hits="1"/>
						<line number="267" hits="1"/>
						<line number="273" hits="1"/>
						<line number="278" hits="1" branch="true" condition-coverage="50% (1/2)" missing-branches="279"/>
						<line number="279" hits="0"/>
						<line number="281" hits="1"/>
						<line number="282" hits="1"/>
						<line number="283" hits="1" branch="true" condition-coverage="50% (1/2)" missing-branches="284"/>
						<line number="284" hits="0"/>
						<line number="285" hits="1"/>
						<line number="287" hits="1"/>
						<line number="288" hits="1"/>
						<line number="289" hits="0"/>
						<line number="295" hits="1"/>
						<line number="296" hits="1" branch="true" condition-coverage="100% (2/2)"/>
						<line number="297" hits="1"/>
						<line number="299" hits="1" branch="true" condition-coverage="100% (2/2)"/>
						<line number="300" hits="1"/>
						<line number="302" hits="1"/>
						<line number="308" hits="1" branch="true" condition-coverage="50% (1/2)" missing-branches="309"/>
						<line number="309" hits="0"/>
						<line number="311" hits="1" branch="true" condition-coverage="50% (1/2)" missing-branches="315"/>
						<line number="312" hits="1" branch="true" condition-coverage="100% (2/2)"/>
						<line number="313" hits="1"/>
						<line number="315" hits="0"/>
						<line number="317" hits="1"/>
						<line number="318" hits="1"/>
						<line number="319" hits="1"/>
						<line number="320" hits="1"/>
						<line number="322" hits="1" branch="true" condition-coverage="100% (2/2)"/>
						<line number="323" hits="1"/>
						<line number="325" hits="1"/>
						<line number="326" hits="1"/>
						<line number="328" hits="1"/>
						<line number="330" hits="1" branch="true" condition-coverage="50% (1/2)" missing-branches="331"/>
						<line number="331" hits="0"/>
						<line number="334" hits="1" branch="true" condition-coverage="50% (1/2)" missing-branches="335"/>
						<line number="335" hits="0" branch="true" condition-coverage="0% (0/2)" missing-branches="336,343"/>
						<line number="336" hits="0"/>
						<line number="343" hits="1"/>
						<line number="344" hits="1"/>
						<line number="345" hits="1"/>
						<line number="350" hits="1"/>
						<line number="351" hits="1" branch="true" condition-coverage="50% (1/2)" missing-branches="352"/>
						<line number="352" hits="0"/>
						<line number="354" hits="1" branch="true" condition-coverage="100% (2/2)"/>
						<line number="355" hits="1"/>
						<line number="356" hits="1"/>
						<line number="357" hits="1"/>
						<line number="359" hits="1"/>
						<line number="361" hits="1" branch="true" condition-coverage="100% (2/2)"/>
						<line number="362" hits="1"/>
						<line number="364" hits="1"/>
						<line number="365" hits="0"/>
					</lines>
				</class>
				<class name="feedback.py" filename="models/customers/feedback.py" complexity="0" line-rate="0.8611" branch-rate="1">
					<methods/>
					<lines>
						<line number="1" hits="1"/>
						<line number="2" hits="1"/>
						<line number="3" hits="1"/>
						<line number="4" hits="1"/>
						<line number="5" hits="1"/>
						<line number="6" hits="1"/>
						<line number="7" hits="1"/>
						<line number="11" hits="1"/>
						<line number="13" hits="1"/>
						<line number="16" hits="1"/>
						<line number="17" hits="1"/>
						<line number="18" hits="1"/>
						<line number="19" hits="1"/>
						<line number="20" hits="1"/>
						<line number="23" hits="1"/>
						<line number="24" hits="1"/>
						<line number="31" hits="1"/>
						<line number="39" hits="1"/>
						<line number="47" hits="1"/>
						<line number="54" hits="1"/>
						<line number="60" hits="1"/>
						<line number="62" hits="1"/>
						<line number="64" hits="1"/>
						<line number="65" hits="1"/>
						<line number="66" hits="1"/>
						<line number="67" hits="1"/>
						<line number="69" hits="1"/>
						<line number="71" hits="0"/>
						<line number="72" hits="0"/>
						<line number="73" hits="0"/>
						<line number="74" hits="0"/>
						<line number="75" hits="0"/>
						<line number="77" hits="1"/>
						<line number="79" hits="1"/>
						<line number="80" hits="1"/>
						<line number="81" hits="1"/>
					</lines>
				</class>
				<class name="userchargerule.py" filename="models/customers/userchargerule.py" complexity="0" line-rate="0.6774" branch-rate="0.3182">
					<methods/>
					<lines>
						<line number="1" hits="1"/>
						<line number="2" hits="1"/>
						<line number="3" hits="1"/>
						<line number="4" hits="1"/>
						<line number="5" hits="1"/>
						<line number="6" hits="1"/>
						<line number="7" hits="1"/>
						<line number="8" hits="1"/>
						<line number="12" hits="1"/>
						<line number="14" hits="1"/>
						<line number="16" hits="1"/>
						<line number="17" hits="1"/>
						<line number="24" hits="1"/>
						<line number="32" hits="1"/>
						<line number="39" hits="1"/>
						<line number="47" hits="1"/>
						<line number="55" hits="1"/>
						<line number="61" hits="1"/>
						<line number="67" hits="1"/>
						<line number="71" hits="1"/>
						<line number="72" hits="1"/>
						<line number="74" hits="1"/>
						<line number="75" hits="1"/>
						<line number="76" hits="1"/>
						<line number="77" hits="1"/>
						<line number="79" hits="1"/>
						<line number="80" hits="0" branch="true" condition-coverage="0% (0/2)" missing-branches="81,83"/>
						<line number="81" hits="0"/>
						<line number="83" hits="0"/>
						<line number="85" hits="0"/>
						<line number="87" hits="1"/>
						<line number="88" hits="1"/>
						<line number="90" hits="1" branch="true" condition-coverage="50% (1/2)" missing-branches="91"/>
						<line number="91" hits="0"/>
						<line number="93" hits="1" branch="true" condition-coverage="50% (1/2)" missing-branches="94"/>
						<line number="94" hits="0" branch="true" condition-coverage="0% (0/2)" missing-branches="95,99"/>
						<line number="95" hits="0"/>
						<line number="99" hits="0" branch="true" condition-coverage="0% (0/2)" missing-branches="100,124"/>
						<line number="100" hits="0"/>
						<line number="105" hits="1" branch="true" condition-coverage="50% (1/2)" missing-branches="106"/>
						<line number="106" hits="0"/>
						<line number="110" hits="1" branch="true" condition-coverage="50% (1/2)" missing-branches="111"/>
						<line number="111" hits="0"/>
						<line number="115" hits="1" branch="true" condition-coverage="50% (1/2)" missing-branches="120"/>
						<line number="120" hits="0"/>
						<line number="124" hits="1" branch="true" condition-coverage="50% (1/2)" missing-branches="125"/>
						<line number="125" hits="0"/>
						<line number="127" hits="1"/>
						<line number="128" hits="1"/>
						<line number="129" hits="1" branch="true" condition-coverage="50% (1/2)" missing-branches="130"/>
						<line number="130" hits="0"/>
						<line number="131" hits="0" branch="true" condition-coverage="0% (0/2)" missing-branches="132,134"/>
						<line number="132" hits="0"/>
						<line number="134" hits="1"/>
						<line number="135" hits="1"/>
						<line number="137" hits="1"/>
						<line number="139" hits="0"/>
						<line number="140" hits="0"/>
						<line number="141" hits="0"/>
						<line number="143" hits="1"/>
						<line number="144" hits="1"/>
						<line number="149" hits="0"/>
					</lines>
				</class>
				<class name="wastecollection.py" filename="models/customers/wastecollection.py" complexity="0" line-rate="0.6944" branch-rate="1">
					<methods/>
					<lines>
						<line number="1" hits="1"/>
						<line number="2" hits="1"/>
						<line number="3" hits="1"/>
						<line number="4" hits="1"/>
						<line number="5" hits="1"/>
						<line number="6" hits="1"/>
						<line number="10" hits="1"/>
						<line number="12" hits="0"/>
						<line number="14" hits="1"/>
						<line number="15" hits="1"/>
						<line number="22" hits="1"/>
						<line number="30" hits="1"/>
						<line number="38" hits="1"/>
						<line number="45" hits="1"/>
						<line number="46" hits="1"/>
						<line number="47" hits="1"/>
						<line number="48" hits="1"/>
						<line number="51" hits="1"/>
						<line number="52" hits="1"/>
						<line number="54" hits="1"/>
						<line number="55" hits="1"/>
						<line number="56" hits="1"/>
						<line number="57" hits="1"/>
						<line number="59" hits="1"/>
						<line number="61" hits="0"/>
						<line number="62" hits="0"/>
						<line number="63" hits="0"/>
						<line number="64" hits="0"/>
						<line number="65" hits="0"/>
						<line number="67" hits="1"/>
						<line number="69" hits="0"/>
						<line number="74" hits="0"/>
						<line number="76" hits="1"/>
						<line number="78" hits="0"/>
						<line number="79" hits="0"/>
						<line number="80" hits="0"/>
					</lines>
				</class>
			</classes>
		</package>
		<package name="models.grivences" line-rate="0.8333" branch-rate="0" complexity="0">
			<classes>
				<class name="__init__.py" filename="models/grivences/__init__.py" complexity="0" line-rate="1" branch-rate="1">
					<methods/>
					<lines/>
				</class>
				<class name="complaints.py" filename="models/grivences/complaints.py" complexity="0" line-rate="0.7286" branch-rate="0">
					<methods/>
					<lines>
						<line number="1" hits="1"/>
						<line number="2" hits="1"/>
						<line number="3" hits="1"/>
						<line number="4" hits="1"/>
						<line number="5" hits="1"/>
						<line number="6" hits="1"/>
						<line number="7" hits="1"/>
						<line number="8" hits="1"/>
						<line number="9" hits="1"/>
						<line number="10" hits="1"/>
						<line number="13" hits="1"/>
						<line number="15" hits="0"/>
						<line number="17" hits="0" branch="true" condition-coverage="0% (0/2)" missing-branches="19,24"/>
						<line number="19" hits="0"/>
						<line number="20" hits="0"/>
						<line number="21" hits="0"/>
						<line number="22" hits="0"/>
						<line number="24" hits="0"/>
						<line number="26" hits="0"/>
						<line number="27" hits="0"/>
						<line number="35" hits="1"/>
						<line number="36" hits="0"/>
						<line number="39" hits="1"/>
						<line number="41" hits="1"/>
						<line number="48" hits="1"/>
						<line number="56" hits="1"/>
						<line number="57" hits="1"/>
						<line number="58" hits="1"/>
						<line number="60" hits="1"/>
						<line number="61" hits="1"/>
						<line number="62" hits="1"/>
						<line number="63" hits="1"/>
						<line number="65" hits="1"/>
						<line number="66" hits="1"/>
						<line number="67" hits="1"/>
						<line number="68" hits="1"/>
						<line number="69" hits="1"/>
						<line number="70" hits="1"/>
						<line number="71" hits="1"/>
						<line number="73" hits="1"/>
						<line number="82" hits="1"/>
						<line number="87" hits="1"/>
						<line number="88" hits="1"/>
						<line number="90" hits="1"/>
						<line number="91" hits="1"/>
						<line number="94" hits="1"/>
						<line number="95" hits="1"/>
						<line number="97" hits="1"/>
						<line number="98" hits="1"/>
						<line number="100" hits="1"/>
						<line number="103" hits="1"/>
						<line number="108" hits="1"/>
						<line number="113" hits="1"/>
						<line number="116" hits="1"/>
						<line number="117" hits="1"/>
						<line number="119" hits="1"/>
						<line number="120" hits="1"/>
						<line number="122" hits="1"/>
						<line number="123" hits="1"/>
						<line number="125" hits="1"/>
						<line number="126" hits="0"/>
						<line number="128" hits="1"/>
						<line number="129" hits="0" branch="true" condition-coverage="0% (0/2)" missing-branches="130,140"/>
						<line number="130" hits="0"/>
						<line number="131" hits="0"/>
						<line number="132" hits="0"/>
						<line number="133" hits="0"/>
						<line number="140" hits="0" branch="true" condition-coverage="0% (0/2)" missing-branches="141,143"/>
						<line number="141" hits="0"/>
						<line number="143" hits="0"/>
					</lines>
				</class>
				<class name="main_category_citizenGrievance.py" filename="models/grivences/main_category_citizenGrievance.py" complexity="0" line-rate="1" branch-rate="1">
					<methods/>
					<lines>
						<line number="1" hits="1"/>
						<line number="2" hits="1"/>
						<line number="3" hits="1"/>
						<line number="4" hits="1"/>
						<line number="5" hits="1"/>
						<line number="8" hits="1"/>
						<line number="9" hits="1"/>
						<line number="11" hits="1"/>
						<line number="12" hits="1"/>
						<line number="19" hits="1"/>
						<line number="27" hits="1"/>
						<line number="34" hits="1"/>
						<line number="39" hits="1"/>
						<line number="40" hits="1"/>
						<line number="41" hits="1"/>
						<line number="42" hits="1"/>
						<line number="44" hits="1"/>
						<line number="45" hits="1"/>
						<line number="47" hits="1"/>
						<line number="48" hits="1"/>
						<line number="49" hits="1"/>
						<line number="50" hits="1"/>
					</lines>
				</class>
				<class name="sub_category_citizenGrievance.py" filename="models/grivences/sub_category_citizenGrievance.py" complexity="0" line-rate="1" branch-rate="1">
					<methods/>
					<lines>
						<line number="1" hits="1"/>
						<line number="2" hits="1"/>
						<line number="3" hits="1"/>
						<line number="4" hits="1"/>
						<line number="5" hits="1"/>
						<line number="6" hits="1"/>
						<line number="10" hits="1"/>
						<line number="11" hits="1"/>
						<line number="14" hits="1"/>
						<line number="15" hits="1"/>
						<line number="22" hits="1"/>
						<line number="30" hits="1"/>
						<line number="37" hits="1"/>
						<line number="43" hits="1"/>
						<line number="44" hits="1"/>
						<line number="45" hits="1"/>
						<line number="47" hits="1"/>
						<line number="48" hits="1"/>
						<line number="50" hits="1"/>
						<line number="51" hits="1"/>
						<line number="52" hits="1"/>
						<line number="53" hits="1"/>
					</lines>
				</class>
			</classes>
		</package>
		<package name="models.masters" line-rate="0.996" branch-rate="1" complexity="0">
			<classes>
				<class name="__init__.py" filename="models/masters/__init__.py" complexity="0" line-rate="1" branch-rate="1">
					<methods/>
					<lines/>
				</class>
				<class name="areatype.py" filename="models/masters/areatype.py" complexity="0" line-rate="1" branch-rate="1">
					<methods/>
					<lines>
						<line number="1" hits="1"/>
						<line number="2" hits="1"/>
						<line number="3" hits="1"/>
						<line number="4" hits="1"/>
						<line number="5" hits="1"/>
						<line number="6" hits="1"/>
						<line number="7" hits="1"/>
						<line number="8" hits="1"/>
						<line number="11" hits="1"/>
						<line number="12" hits="1"/>
						<line number="14" hits="1"/>
						<line number="16" hits="1"/>
						<line number="23" hits="1"/>
						<line number="31" hits="1"/>
						<line number="39" hits="1"/>
						<line number="47" hits="1"/>
						<line number="54" hits="1"/>
						<line number="62" hits="1"/>
						<line number="63" hits="1"/>
						<line number="65" hits="1"/>
						<line number="66" hits="1"/>
						<line number="68" hits="1"/>
						<line number="69" hits="1"/>
						<line number="71" hits="1"/>
						<line number="72" hits="1"/>
					</lines>
				</class>
				<class name="city.py" filename="models/masters/city.py" complexity="0" line-rate="1" branch-rate="1">
					<methods/>
					<lines>
						<line number="1" hits="1"/>
						<line number="2" hits="1"/>
						<line number="3" hits="1"/>
						<line number="4" hits="1"/>
						<line number="5" hits="1"/>
						<line number="6" hits="1"/>
						<line number="7" hits="1"/>
						<line number="8" hits="1"/>
						<line number="9" hits="1"/>
						<line number="13" hits="1"/>
						<line number="14" hits="1"/>
						<line number="17" hits="1"/>
						<line number="19" hits="1"/>
						<line number="26" hits="1"/>
						<line number="33" hits="1"/>
						<line number="40" hits="1"/>
						<line number="47" hits="1"/>
						<line number="54" hits="1"/>
						<line number="55" hits="1"/>
						<line number="56" hits="1"/>
						<line number="62" hits="1"/>
						<line number="69" hits="1"/>
						<line number="70" hits="1"/>
						<line number="72" hits="1"/>
						<line number="73" hits="1"/>
						<line number="75" hits="1"/>
						<line number="76" hits="1"/>
						<line number="77" hits="1"/>
					</lines>
				</class>
				<class name="department.py" filename="models/masters/department.py" complexity="0" line-rate="1" branch-rate="1">
					<methods/>
					<lines>
						<line number="1" hits="1"/>
						<line number="3" hits="1"/>
						<line number="4" hits="1"/>
						<line number="5" hits="1"/>
						<line number="6" hits="1"/>
						<line number="9" hits="1"/>
						<line number="10" hits="1"/>
						<line number="13" hits="1"/>
						<line number="14" hits="1"/>
						<line number="20" hits="1"/>
						<line number="28" hits="1"/>
						<line number="36" hits="1"/>
						<line number="37" hits="1"/>
						<line number="38" hits="1"/>
						<line number="39" hits="1"/>
						<line number="40" hits="1"/>
						<line number="42" hits="1"/>
						<line number="43" hits="1"/>
						<line number="44" hits="1"/>
						<line number="51" hits="1"/>
						<line number="52" hits="1"/>
					</lines>
				</class>
				<class name="designation.py" filename="models/masters/designation.py" complexity="0" line-rate="1" branch-rate="1">
					<methods/>
					<lines>
						<line number="1" hits="1"/>
						<line number="3" hits="1"/>
						<line number="4" hits="1"/>
						<line number="5" hits="1"/>
						<line number="6" hits="1"/>
						<line number="7" hits="1"/>
						<line number="10" hits="1"/>
						<line number="11" hits="1"/>
						<line number="14" hits="1"/>
						<line number="15" hits="1"/>
						<line number="21" hits="1"/>
						<line number="29" hits="1"/>
						<line number="37" hits="1"/>
						<line number="45" hits="1"/>
						<line number="46" hits="1"/>
						<line number="47" hits="1"/>
						<line number="48" hits="1"/>
						<line number="49" hits="1"/>
						<line number="51" hits="1"/>
						<line number="52" hits="1"/>
						<line number="53" hits="1"/>
						<line number="60" hits="1"/>
						<line number="61" hits="1"/>
					</lines>
				</class>
				<class name="district.py" filename="models/masters/district.py" complexity="0" line-rate="1" branch-rate="1">
					<methods/>
					<lines>
						<line number="1" hits="1"/>
						<line number="2" hits="1"/>
						<line number="3" hits="1"/>
						<line number="4" hits="1"/>
						<line number="5" hits="1"/>
						<line number="6" hits="1"/>
						<line number="7" hits="1"/>
						<line number="8" hits="1"/>
						<line number="12" hits="1"/>
						<line number="13" hits="1"/>
						<line number="15" hits="1"/>
						<line number="17" hits="1"/>
						<line number="24" hits="1"/>
						<line number="32" hits="1"/>
						<line number="39" hits="1"/>
						<line number="47" hits="1"/>
						<line number="55" hits="1"/>
						<line number="63" hits="1"/>
						<line number="65" hits="1"/>
						<line number="66" hits="1"/>
						<line number="67" hits="1"/>
						<line number="69" hits="1"/>
						<line number="70" hits="1"/>
					</lines>
				</class>
				<class name="hierarchy.py" filename="models/masters/hierarchy.py" complexity="0" line-rate="0.9545" branch-rate="1">
					<methods/>
					<lines>
						<line number="1" hits="1"/>
						<line number="2" hits="1"/>
						<line number="3" hits="1"/>
						<line number="4" hits="1"/>
						<line number="5" hits="1"/>
						<line number="8" hits="1"/>
						<line number="9" hits="1"/>
						<line number="12" hits="1"/>
						<line number="14" hits="1"/>
						<line number="21" hits="1"/>
						<line number="27" hits="1"/>
						<line number="30" hits="1"/>
						<line number="32" hits="1"/>
						<line number="33" hits="1"/>
						<line number="34" hits="1"/>
						<line number="36" hits="1"/>
						<line number="37" hits="1" branch="true" condition-coverage="100% (2/2)"/>
						<line number="38" hits="1"/>
						<line number="45" hits="1"/>
						<line number="47" hits="1"/>
						<line number="49" hits="1"/>
						<line number="50" hits="0"/>
					</lines>
				</class>
				<class name="panchayat.py" filename="models/masters/panchayat.py" complexity="0" line-rate="1" branch-rate="1">
					<methods/>
					<lines>
						<line number="1" hits="1"/>
						<line number="2" hits="1"/>
						<line number="3" hits="1"/>
						<line number="4" hits="1"/>
						<line number="5" hits="1"/>
						<line number="6" hits="1"/>
						<line number="7" hits="1"/>
						<line number="8" hits="1"/>
						<line number="9" hits="1"/>
						<line number="10" hits="1"/>
						<line number="12" hits="1"/>
						<line number="13" hits="1"/>
						<line number="15" hits="1"/>
						<line number="16" hits="1"/>
						<line number="17" hits="1"/>
						<line number="18" hits="1"/>
						<line number="19" hits="1"/>
						<line number="22" hits="1"/>
						<line number="24" hits="1"/>
						<line number="31" hits="1"/>
						<line number="38" hits="1"/>
						<line number="45" hits="1"/>
						<line number="53" hits="1"/>
						<line number="61" hits="1"/>
						<line number="68" hits="1"/>
						<line number="76" hits="1"/>
						<line number="84" hits="1"/>
						<line number="89" hits="1"/>
						<line number="90" hits="1"/>
						<line number="91" hits="1"/>
						<line number="93" hits="1"/>
						<line number="94" hits="1"/>
					</lines>
				</class>
				<class name="ward.py" filename="models/masters/ward.py" complexity="0" line-rate="1" branch-rate="1">
					<methods/>
					<lines>
						<line number="1" hits="1"/>
						<line number="2" hits="1"/>
						<line number="3" hits="1"/>
						<line number="4" hits="1"/>
						<line number="5" hits="1"/>
						<line number="6" hits="1"/>
						<line number="7" hits="1"/>
						<line number="8" hits="1"/>
						<line number="9" hits="1"/>
						<line number="10" hits="1"/>
						<line number="11" hits="1"/>
						<line number="12" hits="1"/>
						<line number="16" hits="1"/>
						<line number="17" hits="1"/>
						<line number="20" hits="1"/>
						<line number="21" hits="1"/>
						<line number="22" hits="1"/>
						<line number="23" hits="1"/>
						<line number="24" hits="1"/>
						<line number="26" hits="1"/>
						<line number="28" hits="1"/>
						<line number="35" hits="1"/>
						<line number="36" hits="1"/>
						<line number="38" hits="1"/>
						<line number="39" hits="1"/>
						<line number="40" hits="1"/>
						<line number="42" hits="1"/>
						<line number="50" hits="1"/>
						<line number="58" hits="1"/>
						<line number="66" hits="1"/>
						<line number="67" hits="1"/>
						<line number="68" hits="1"/>
						<line number="69" hits="1"/>
						<line number="70" hits="1"/>
						<line number="71" hits="1"/>
						<line number="72" hits="1"/>
					</lines>
				</class>
				<class name="zone.py" filename="models/masters/zone.py" complexity="0" line-rate="1" branch-rate="1">
					<methods/>
					<lines>
						<line number="1" hits="1"/>
						<line number="2" hits="1"/>
						<line number="3" hits="1"/>
						<line number="4" hits="1"/>
						<line number="5" hits="1"/>
						<line number="6" hits="1"/>
						<line number="7" hits="1"/>
						<line number="8" hits="1"/>
						<line number="9" hits="1"/>
						<line number="10" hits="1"/>
						<line number="11" hits="1"/>
						<line number="12" hits="1"/>
						<line number="13" hits="1"/>
						<line number="20" hits="1"/>
						<line number="21" hits="1"/>
						<line number="27" hits="1"/>
						<line number="28" hits="1"/>
						<line number="29" hits="1"/>
						<line number="30" hits="1"/>
						<line number="31" hits="1"/>
						<line number="40" hits="1"/>
						<line number="47" hits="1"/>
						<line number="49" hits="1"/>
						<line number="56" hits="1"/>
						<line number="57" hits="1"/>
						<line number="59" hits="1"/>
						<line number="60" hits="1"/>
						<line number="61" hits="1"/>
						<line number="63" hits="1"/>
						<line number="71" hits="1"/>
						<line number="79" hits="1"/>
						<line number="80" hits="1"/>
						<line number="81" hits="1"/>
						<line number="82" hits="1"/>
						<line number="83" hits="1"/>
						<line number="84" hits="1"/>
						<line number="85" hits="1"/>
					</lines>
				</class>
			</classes>
		</package>
		<package name="models.process" line-rate="0.7216" branch-rate="0.375" complexity="0">
			<classes>
				<class name="__init__.py" filename="models/process/__init__.py" complexity="0" line-rate="1" branch-rate="1">
					<methods/>
					<lines/>
				</class>
				<class name="routeplan.py" filename="models/process/routeplan.py" complexity="0" line-rate="0.9783" branch-rate="0.75">
					<methods/>
					<lines>
						<line number="1" hits="1"/>
						<line number="2" hits="1"/>
						<line number="3" hits="1"/>
						<line number="4" hits="1"/>
						<line number="5" hits="1"/>
						<line number="6" hits="1"/>
						<line number="7" hits="1"/>
						<line number="8" hits="1"/>
						<line number="9" hits="1"/>
						<line number="10" hits="1"/>
						<line number="13" hits="1"/>
						<line number="14" hits="1"/>
						<line number="17" hits="1"/>
						<line number="18" hits="1"/>
						<line number="25" hits="1"/>
						<line number="32" hits="1"/>
						<line number="39" hits="1"/>
						<line number="46" hits="1"/>
						<line number="53" hits="1"/>
						<line number="60" hits="1"/>
						<line number="66" hits="1"/>
						<line number="72" hits="1"/>
						<line number="79" hits="1"/>
						<line number="80" hits="1"/>
						<line number="82" hits="1"/>
						<line number="83" hits="1"/>
						<line number="85" hits="1"/>
						<line number="86" hits="0"/>
						<line number="91" hits="1"/>
						<line number="92" hits="1"/>
						<line number="93" hits="1" branch="true" condition-coverage="50% (1/2)" missing-branches="100"/>
						<line number="94" hits="1"/>
						<line number="100" hits="1"/>
						<line number="101" hits="1" branch="true" condition-coverage="50% (1/2)" missing-branches="104"/>
						<line number="102" hits="1"/>
						<line number="104" hits="1"/>
						<line number="109" hits="1"/>
						<line number="110" hits="1" branch="true" condition-coverage="100% (2/2)"/>
						<line number="111" hits="1"/>
						<line number="112" hits="1"/>
						<line number="113" hits="1"/>
						<line number="115" hits="1" branch="true" condition-coverage="100% (2/2)"/>
						<line number="116" hits="1"/>
						<line number="117" hits="1"/>
						<line number="119" hits="1"/>
						<line number="121" hits="1"/>
					</lines>
				</class>
				<class name="zone_property_load_tracker.py" filename="models/process/zone_property_load_tracker.py" complexity="0" line-rate="0.4902" branch-rate="0">
					<methods/>
					<lines>
						<line number="1" hits="1"/>
						<line number="2" hits="1"/>
						<line number="3" hits="1"/>
						<line number="4" hits="1"/>
						<line number="5" hits="1"/>
						<line number="6" hits="1"/>
						<line number="7" hits="1"/>
						<line number="8" hits="1"/>
						<line number="11" hits="1"/>
						<line number="12" hits="0"/>
						<line number="15" hits="1"/>
						<line number="21" hits="1"/>
						<line number="28" hits="1"/>
						<line number="34" hits="1"/>
						<line number="40" hits="1"/>
						<line number="46" hits="1"/>
						<line number="52" hits="1"/>
						<line number="54" hits="1"/>
						<line number="56" hits="1"/>
						<line number="57" hits="1"/>
						<line number="58" hits="1"/>
						<line number="59" hits="1"/>
						<line number="65" hits="1"/>
						<line number="70" hits="1"/>
						<line number="71" hits="0"/>
						<line number="73" hits="1"/>
						<line number="78" hits="0"/>
						<line number="79" hits="0"/>
						<line number="80" hits="0"/>
						<line number="81" hits="0"/>
						<line number="83" hits="0" branch="true" condition-coverage="0% (0/2)" missing-branches="84,86"/>
						<line number="84" hits="0"/>
						<line number="86" hits="0"/>
						<line number="100" hits="0" branch="true" condition-coverage="0% (0/2)" missing-branches="101,103"/>
						<line number="101" hits="0"/>
						<line number="103" hits="0"/>
						<line number="116" hits="0" branch="true" condition-coverage="0% (0/2)" missing-branches="117,119"/>
						<line number="117" hits="0"/>
						<line number="119" hits="0"/>
						<line number="120" hits="0"/>
						<line number="137" hits="0"/>
						<line number="139" hits="0"/>
						<line number="141" hits="1"/>
						<line number="145" hits="0" branch="true" condition-coverage="0% (0/2)" missing-branches="146,149"/>
						<line number="146" hits="0"/>
						<line number="149" hits="0"/>
						<line number="151" hits="0"/>
						<line number="153" hits="0"/>
						<line number="154" hits="0"/>
						<line number="164" hits="0"/>
						<line number="168" hits="0"/>
					</lines>
				</class>
			</classes>
		</package>
		<package name="models.role_assigns" line-rate="0.9865" branch-rate="1" complexity="0">
			<classes>
				<class name="__init__.py" filename="models/role_assigns/__init__.py" complexity="0" line-rate="1" branch-rate="1">
					<methods/>
					<lines/>
				</class>
				<class name="contractorUserType.py" filename="models/role_assigns/contractorUserType.py" complexity="0" line-rate="0.9615" branch-rate="1">
					<methods/>
					<lines>
						<line number="1" hits="1"/>
						<line number="2" hits="1"/>
						<line number="3" hits="1"/>
						<line number="4" hits="1"/>
						<line number="5" hits="1"/>
						<line number="6" hits="1"/>
						<line number="9" hits="1"/>
						<line number="10" hits="1"/>
						<line number="13" hits="1"/>
						<line number="14" hits="1"/>
						<line number="21" hits="1"/>
						<line number="29" hits="1"/>
						<line number="37" hits="1"/>
						<line number="45" hits="1"/>
						<line number="52" hits="1"/>
						<line number="57" hits="1"/>
						<line number="58" hits="1"/>
						<line number="59" hits="1"/>
						<line number="60" hits="1"/>
						<line number="61" hits="1"/>
						<line number="68" hits="1"/>
						<line number="69" hits="0"/>
						<line number="71" hits="1"/>
						<line number="72" hits="1"/>
						<line number="73" hits="1"/>
						<line number="74" hits="1"/>
					</lines>
				</class>
				<class name="staffUserType.py" filename="models/role_assigns/staffUserType.py" complexity="0" line-rate="1" branch-rate="1">
					<methods/>
					<lines>
						<line number="1" hits="1"/>
						<line number="2" hits="1"/>
						<line number="3" hits="1"/>
						<line number="4" hits="1"/>
						<line number="5" hits="1"/>
						<line number="6" hits="1"/>
						<line number="10" hits="1"/>
						<line number="11" hits="1"/>
						<line number="14" hits="1"/>
						<line number="15" hits="1"/>
						<line number="22" hits="1"/>
						<line number="30" hits="1"/>
						<line number="40" hits="1"/>
						<line number="48" hits="1"/>
						<line number="55" hits="1"/>
						<line number="60" hits="1"/>
						<line number="61" hits="1"/>
						<line number="62" hits="1"/>
						<line number="63" hits="1"/>
						<line number="64" hits="1"/>
						<line number="71" hits="1"/>
						<line number="72" hits="1"/>
						<line number="74" hits="1"/>
						<line number="75" hits="1"/>
						<line number="76" hits="1"/>
						<line number="77" hits="1"/>
					</lines>
				</class>
				<class name="userType.py" filename="models/role_assigns/userType.py" complexity="0" line-rate="1" branch-rate="1">
					<methods/>
					<lines>
						<line number="1" hits="1"/>
						<line number="2" hits="1"/>
						<line number="3" hits="1"/>
						<line number="4" hits="1"/>
						<line number="5" hits="1"/>
						<line number="9" hits="1"/>
						<line number="10" hits="1"/>
						<line number="13" hits="1"/>
						<line number="14" hits="1"/>
						<line number="21" hits="1"/>
						<line number="29" hits="1"/>
						<line number="37" hits="1"/>
						<line number="42" hits="1"/>
						<line number="43" hits="1"/>
						<line number="44" hits="1"/>
						<line number="45" hits="1"/>
						<line number="47" hits="1"/>
[...]
						<line number="240" hits="0"/>
						<line number="242" hits="0"/>
						<line number="243" hits="0"/>
						<line number="245" hits="0" branch="true" condition-coverage="0% (0/2)" missing-branches="246,248"/>
						<line number="246" hits="0"/>
						<line number="248" hits="0"/>
						<line number="253" hits="1"/>
						<line number="258" hits="0" branch="true" condition-coverage="0% (0/2)" missing-branches="259,262"/>
						<line number="259" hits="0"/>
						<line number="260" hits="0"/>
						<line number="262" hits="0" branch="true" condition-coverage="0% (0/2)" missing-branches="263,266"/>
						<line number="263" hits="0"/>
						<line number="264" hits="0"/>
						<line number="266" hits="0"/>
						<line number="270" hits="1"/>
						<line number="271" hits="0"/>
						<line number="272" hits="0"/>
						<line number="274" hits="0" branch="true" condition-coverage="0% (0/2)" missing-branches="275,277"/>
						<line number="275" hits="0"/>
						<line number="277" hits="0"/>
						<line number="279" hits="0" branch="true" condition-coverage="0% (0/2)" missing-branches="280,282"/>
						<line number="280" hits="0"/>
						<line number="282" hits="0"/>
						<line number="288" hits="0"/>
						<line number="290" hits="0"/>
						<line number="297" hits="0" branch="true" condition-coverage="0% (0/2)" missing-branches="exit,298"/>
						<line number="298" hits="0"/>
						<line number="308" hits="1"/>
						<line number="309" hits="0"/>
						<line number="310" hits="0"/>
						<line number="312" hits="0" branch="true" condition-coverage="0% (0/2)" missing-branches="313,316"/>
						<line number="313" hits="0"/>
						<line number="316" hits="0"/>
						<line number="326" hits="0"/>
						<line number="328" hits="0"/>
						<line number="336" hits="0"/>
						<line number="338" hits="0"/>
						<line number="345" hits="0" branch="true" condition-coverage="0% (0/2)" missing-branches="exit,346"/>
						<line number="346" hits="0"/>
						<line number="357" hits="1"/>
						<line number="358" hits="0"/>
						<line number="359" hits="0"/>
						<line number="361" hits="0" branch="true" condition-coverage="0% (0/2)" missing-branches="362,364"/>
						<line number="362" hits="0"/>
						<line number="364" hits="0" branch="true" condition-coverage="0% (0/2)" missing-branches="365,367"/>
						<line number="365" hits="0"/>
						<line number="367" hits="0"/>
						<line number="369" hits="1"/>
						<line number="370" hits="0" branch="true" condition-coverage="0% (0/2)" missing-branches="371,373"/>
						<line number="371" hits="0"/>
						<line number="373" hits="0"/>
					</lines>
				</class>
				<class name="supervisor_zone_map_viewset.py" filename="viewsets/user_creations/supervisor_zone_map_viewset.py" complexity="0" line-rate="0.275" branch-rate="0">
					<methods/>
					<lines>
						<line number="1" hits="1"/>
						<line number="2" hits="1"/>
						<line number="3" hits="1"/>
						<line number="4" hits="1"/>
						<line number="5" hits="1"/>
						<line number="7" hits="1"/>
						<line number="8" hits="1"/>
						<line number="9" hits="1"/>
						<line number="10" hits="1"/>
						<line number="13" hits="1"/>
						<line number="14" hits="1"/>
						<line number="18" hits="1"/>
						<line number="24" hits="1"/>
						<line number="25" hits="1"/>
						<line number="26" hits="1"/>
						<line number="28" hits="1"/>
						<line number="30" hits="1"/>
						<line number="31" hits="1"/>
						<line number="33" hits="1"/>
						<line number="34" hits="0"/>
						<line number="35" hits="0" branch="true" condition-coverage="0% (0/2)" missing-branches="36,38"/>
						<line number="36" hits="0"/>
						<line number="38" hits="0"/>
						<line number="39" hits="0" branch="true" condition-coverage="0% (0/2)" missing-branches="40,46"/>
						<line number="40" hits="0"/>
						<line number="41" hits="0" branch="true" condition-coverage="0% (0/2)" missing-branches="42,46"/>
						<line number="42" hits="0"/>
						<line number="46" hits="0"/>
						<line number="49" hits="1"/>
						<line number="50" hits="0"/>
						<line number="52" hits="0" branch="true" condition-coverage="0% (0/2)" missing-branches="53,56"/>
						<line number="53" hits="0"/>
						<line number="56" hits="0"/>
						<line number="61" hits="0" branch="true" condition-coverage="0% (0/2)" missing-branches="62,67"/>
						<line number="62" hits="0"/>
						<line number="67" hits="0" branch="true" condition-coverage="0% (0/2)" missing-branches="68,73"/>
						<line number="68" hits="0"/>
						<line number="73" hits="0"/>
						<line number="74" hits="0"/>
						<line number="76" hits="0"/>
						<line number="77" hits="0"/>
						<line number="78" hits="0"/>
						<line number="79" hits="0"/>
						<line number="80" hits="0"/>
						<line number="82" hits="0"/>
						<line number="84" hits="0"/>
						<line number="89" hits="0"/>
						<line number="91" hits="0" branch="true" condition-coverage="0% (0/2)" missing-branches="92,95"/>
						<line number="92" hits="0"/>
						<line number="93" hits="0"/>
						<line number="95" hits="0"/>
						<line number="100" hits="0"/>
						<line number="102" hits="0"/>
						<line number="109" hits="0"/>
						<line number="120" hits="0"/>
						<line number="125" hits="1"/>
						<line number="126" hits="0"/>
						<line number="128" hits="0" branch="true" condition-coverage="0% (0/2)" missing-branches="129,131"/>
						<line number="129" hits="0"/>
						<line number="131" hits="0"/>
						<line number="134" hits="0"/>
						<line number="138" hits="0" branch="true" condition-coverage="0% (0/2)" missing-branches="139,144"/>
						<line number="139" hits="0"/>
						<line number="144" hits="0"/>
						<line number="146" hits="0" branch="true" condition-coverage="0% (0/2)" missing-branches="147,154"/>
						<line number="147" hits="0"/>
						<line number="154" hits="0"/>
						<line number="155" hits="0"/>
						<line number="156" hits="0"/>
						<line number="158" hits="0"/>
						<line number="159" hits="0"/>
						<line number="161" hits="0"/>
						<line number="166" hits="0"/>
						<line number="168" hits="0"/>
						<line number="176" hits="0"/>
						<line number="177" hits="0"/>
						<line number="179" hits="0"/>
						<line number="190" hits="0"/>
						<line number="195" hits="1"/>
						<line number="196" hits="0"/>
					</lines>
				</class>
				<class name="unassigned_staff_pool_viewset.py" filename="viewsets/user_creations/unassigned_staff_pool_viewset.py" complexity="0" line-rate="0.6286" branch-rate="0.1667">
					<methods/>
					<lines>
						<line number="1" hits="1"/>
						<line number="2" hits="1"/>
						<line number="3" hits="1"/>
						<line number="4" hits="1"/>
						<line number="6" hits="1"/>
						<line number="7" hits="1"/>
						<line number="10" hits="1"/>
						<line number="13" hits="1"/>
						<line number="19" hits="1"/>
						<line number="20" hits="1"/>
						<line number="21" hits="1"/>
						<line number="23" hits="1"/>
						<line number="24" hits="1"/>
						<line number="26" hits="1"/>
						<line number="27" hits="1"/>
						<line number="28" hits="1"/>
						<line number="29" hits="1" branch="true" condition-coverage="50% (1/2)" missing-branches="30"/>
						<line number="30" hits="0"/>
						<line number="31" hits="1"/>
						<line number="33" hits="1"/>
						<line number="34" hits="0"/>
						<line number="35" hits="0"/>
						<line number="37" hits="1"/>
						<line number="38" hits="0"/>
						<line number="39" hits="0"/>
						<line number="41" hits="1"/>
						<line number="42" hits="0"/>
						<line number="43" hits="0"/>
						<line number="44" hits="0"/>
						<line number="46" hits="0" branch="true" condition-coverage="0% (0/2)" missing-branches="47,51"/>
						<line number="47" hits="0"/>
						<line number="51" hits="0" branch="true" condition-coverage="0% (0/2)" missing-branches="exit,52"/>
						<line number="52" hits="0"/>
						<line number="56" hits="1"/>
						<line number="57" hits="0"/>
					</lines>
				</class>
			</classes>
		</package>
		<package name="viewsets.waste_collection_bluetooth" line-rate="0.2871" branch-rate="0" complexity="0">
			<classes>
				<class name="__init__.py" filename="viewsets/waste_collection_bluetooth/__init__.py" complexity="0" line-rate="1" branch-rate="1">
					<methods/>
					<lines/>
				</class>
				<class name="waste_bluetooth_viewset.py" filename="viewsets/waste_collection_bluetooth/waste_bluetooth_viewset.py" complexity="0" line-rate="0.1618" branch-rate="0">
					<methods/>
					<lines>
						<line number="1" hits="1"/>
						<line number="2" hits="1"/>
						<line number="3" hits="1"/>
						<line number="4" hits="1"/>
						<line number="5" hits="1"/>
						<line number="6" hits="1"/>
						<line number="7" hits="1"/>
						<line number="8" hits="1"/>
						<line number="9" hits="1"/>
						<line number="13" hits="1"/>
						<line number="14" hits="1"/>
						<line number="16" hits="1"/>
						<line number="21" hits="0"/>
						<line number="23" hits="0"/>
						<line number="38" hits="1"/>
						<line number="39" hits="1"/>
						<line number="40" hits="0"/>
						<line number="41" hits="0"/>
						<line number="42" hits="0"/>
						<line number="45" hits="0"/>
						<line number="46" hits="0"/>
						<line number="47" hits="0"/>
						<line number="48" hits="0"/>
						<line number="50" hits="0" branch="true" condition-coverage="0% (0/2)" missing-branches="51,52"/>
						<line number="51" hits="0"/>
						<line number="52" hits="0" branch="true" condition-coverage="0% (0/2)" missing-branches="53,54"/>
						<line number="53" hits="0"/>
						<line number="54" hits="0" branch="true" condition-coverage="0% (0/2)" missing-branches="55,57"/>
						<line number="55" hits="0"/>
						<line number="57" hits="0"/>
						<line number="58" hits="0"/>
						<line number="59" hits="0"/>
						<line number="61" hits="0"/>
						<line number="62" hits="0"/>
						<line number="70" hits="0"/>
						<line number="78" hits="1"/>
						<line number="79" hits="1"/>
						<line number="80" hits="0"/>
						<line number="81" hits="0"/>
						<line number="87" hits="0"/>
						<line number="88" hits="0"/>
						<line number="89" hits="0"/>
						<line number="92" hits="1"/>
						<line number="93" hits="1"/>
						<line number="94" hits="0"/>
						<line number="95" hits="0"/>
						<line number="96" hits="0"/>
						<line number="99" hits="0" branch="true" condition-coverage="0% (0/2)" missing-branches="100,102"/>
						<line number="100" hits="0"/>
						<line number="102" hits="0"/>
						<line number="103" hits="0"/>
						<line number="112" hits="0"/>
						<line number="114" hits="0" branch="true" condition-coverage="0% (0/2)" missing-branches="115,117"/>
						<line number="115" hits="0"/>
						<line number="117" hits="0"/>
						<line number="129" hits="1"/>
						<line number="130" hits="1"/>
						<line number="131" hits="0"/>
						<line number="132" hits="0"/>
						<line number="133" hits="0"/>
						<line number="135" hits="0" branch="true" condition-coverage="0% (0/2)" missing-branches="136,138"/>
						<line number="136" hits="0"/>
						<line number="138" hits="0"/>
						<line number="139" hits="0"/>
						<line number="144" hits="0"/>
						<line number="146" hits="0" branch="true" condition-coverage="0% (0/2)" missing-branches="147,149"/>
						<line number="147" hits="0"/>
						<line number="149" hits="0"/>
						<line number="150" hits="0"/>
						<line number="152" hits="0"/>
						<line number="153" hits="0"/>
						<line number="160" hits="0"/>
						<line number="161" hits="0"/>
						<line number="167" hits="0"/>
						<line number="175" hits="1"/>
						<line number="176" hits="1"/>
						<line number="177" hits="0"/>
						<line number="178" hits="0"/>
						<line number="179" hits="0"/>
						<line number="180" hits="0"/>
						<line number="182" hits="0" branch="true" condition-coverage="0% (0/2)" missing-branches="183,185"/>
						<line number="183" hits="0"/>
						<line number="185" hits="0"/>
						<line number="186" hits="0"/>
						<line number="191" hits="0"/>
						<line number="193" hits="0" branch="true" condition-coverage="0% (0/2)" missing-branches="194,196"/>
						<line number="194" hits="0"/>
						<line number="196" hits="0"/>
						<line number="197" hits="0" branch="true" condition-coverage="0% (0/2)" missing-branches="198,200"/>
						<line number="198" hits="0"/>
						<line number="200" hits="0"/>
						<line number="202" hits="0"/>
						<line number="206" hits="0"/>
						<line number="208" hits="0" branch="true" condition-coverage="0% (0/2)" missing-branches="209,212"/>
						<line number="209" hits="0"/>
						<line number="210" hits="0"/>
						<line number="212" hits="0"/>
						<line number="213" hits="0"/>
						<line number="215" hits="0"/>
						<line number="216" hits="0"/>
						<line number="218" hits="0"/>
						<line number="219" hits="0"/>
						<line number="224" hits="0"/>
						<line number="226" hits="0"/>
						<line number="240" hits="1"/>
						<line number="241" hits="1"/>
						<line number="242" hits="0"/>
						<line number="243" hits="0"/>
						<line number="245" hits="0"/>
						<line number="246" hits="0"/>
						<line number="251" hits="0"/>
						<line number="252" hits="0"/>
						<line number="260" hits="0"/>
						<line number="261" hits="0"/>
						<line number="262" hits="0"/>
						<line number="264" hits="0"/>
						<line number="265" hits="0"/>
						<line number="266" hits="0"/>
						<line number="268" hits="0" branch="true" condition-coverage="0% (0/2)" missing-branches="269,272"/>
						<line number="269" hits="0"/>
						<line number="270" hits="0"/>
						<line number="272" hits="0"/>
						<line number="273" hits="0"/>
						<line number="282" hits="0"/>
						<line number="284" hits="0" branch="true" condition-coverage="0% (0/2)" missing-branches="285,294"/>
						<line number="285" hits="0"/>
						<line number="286" hits="0"/>
						<line number="287" hits="0" branch="true" condition-coverage="0% (0/2)" missing-branches="288,289"/>
						<line number="288" hits="0"/>
						<line number="289" hits="0" branch="true" condition-coverage="0% (0/2)" missing-branches="290,292"/>
						<line number="290" hits="0"/>
						<line number="292" hits="0"/>
						<line number="294" hits="0"/>
						<line number="295" hits="0"/>
						<line number="296" hits="0" branch="true" condition-coverage="0% (0/2)" missing-branches="297,300"/>
						<line number="297" hits="0"/>
						<line number="298" hits="0"/>
						<line number="300" hits="0"/>
						<line number="301" hits="0"/>
						<line number="309" hits="0"/>
						<line number="311" hits="0"/>
						<line number="312" hits="0"/>
						<line number="313" hits="0"/>
						<line number="315" hits="0"/>
						<line number="317" hits="0"/>
						<line number="333" hits="1"/>
						<line number="334" hits="0" branch="true" condition-coverage="0% (0/2)" missing-branches="335,337"/>
						<line number="335" hits="0"/>
						<line number="336" hits="0"/>
						<line number="337" hits="0" branch="true" condition-coverage="0% (0/2)" missing-branches="338,344"/>
						<line number="338" hits="0"/>
						<line number="339" hits="0" branch="true" condition-coverage="0% (0/2)" missing-branches="340,342"/>
						<line number="340" hits="0"/>
						<line number="342" hits="0"/>
						<line number="344" hits="0"/>
						<line number="345" hits="0"/>
						<line number="346" hits="0"/>
						<line number="348" hits="1"/>
						<line number="349" hits="0" branch="true" condition-coverage="0% (0/2)" missing-branches="350,351"/>
						<line number="350" hits="0"/>
						<line number="351" hits="0" branch="true" condition-coverage="0% (0/2)" missing-branches="352,353"/>
						<line number="352" hits="0"/>
						<line number="353" hits="0"/>
						<line number="356" hits="1"/>
						<line number="357" hits="1"/>
						<line number="358" hits="0"/>
						<line number="359" hits="0" branch="true" condition-coverage="0% (0/2)" missing-branches="360,366"/>
						<line number="360" hits="0"/>
						<line number="366" hits="0"/>
						<line number="372" hits="0" branch="true" condition-coverage="0% (0/2)" missing-branches="373,378"/>
						<line number="373" hits="0"/>
						<line number="378" hits="0"/>
						<line number="392" hits="0"/>
					</lines>
				</class>
				<class name="waste_collection_main_viewset.py" filename="viewsets/waste_collection_bluetooth/waste_collection_main_viewset.py" complexity="0" line-rate="0.8182" branch-rate="1">
					<methods/>
					<lines>
						<line number="1" hits="1"/>
						<line number="2" hits="1"/>
						<line number="3" hits="1"/>
						<line number="8" hits="1"/>
						<line number="9" hits="1"/>
						<line number="10" hits="1"/>
						<line number="11" hits="1"/>
						<line number="12" hits="1"/>
						<line number="14" hits="1"/>
						<line number="15" hits="0"/>
						<line number="16" hits="0"/>
					</lines>
				</class>
				<class name="waste_collection_sub_viewset.py" filename="viewsets/waste_collection_bluetooth/waste_collection_sub_viewset.py" complexity="0" line-rate="0.8182" branch-rate="1">
					<methods/>
					<lines>
						<line number="1" hits="1"/>
						<line number="2" hits="1"/>
						<line number="3" hits="1"/>
						<line number="8" hits="1"/>
						<line number="9" hits="1"/>
						<line number="10" hits="1"/>
						<line number="11" hits="1"/>
						<line number="12" hits="1"/>
						<line number="14" hits="1"/>
						<line number="15" hits="0"/>
						<line number="16" hits="0"/>
					</lines>
				</class>
				<class name="waste_type_viewset.py" filename="viewsets/waste_collection_bluetooth/waste_type_viewset.py" complexity="0" line-rate="1" branch-rate="1">
					<methods/>
					<lines>
						<line number="1" hits="1"/>
						<line number="2" hits="1"/>
						<line number="3" hits="1"/>
						<line number="6" hits="1"/>
						<line number="9" hits="1"/>
						<line number="11" hits="1"/>
						<line number="12" hits="1"/>
						<line number="14" hits="1"/>
						<line number="15" hits="1"/>
						<line number="17" hits="1"/>
						<line number="18" hits="1"/>
						<line number="20" hits="1"/>
						<line number="21" hits="1"/>
						<line number="22" hits="1"/>
					</lines>
				</class>
			</classes>
		</package>
		<package name="viewsets.waste_types" line-rate="1" branch-rate="1" complexity="0">
			<classes>
				<class name="__init__.py" filename="viewsets/waste_types/__init__.py" complexity="0" line-rate="1" branch-rate="1">
					<methods/>
					<lines/>
				</class>
				<class name="property_viewset.py" filename="viewsets/waste_types/property_viewset.py" complexity="0" line-rate="1" branch-rate="1">
					<methods/>
					<lines>
						<line number="1" hits="1"/>
						<line number="2" hits="1"/>
						<line number="3" hits="1"/>
						<line number="4" hits="1"/>
						<line number="5" hits="1"/>
						<line number="7" hits="1"/>
						<line number="8" hits="1"/>
						<line number="9" hits="1"/>
						<line number="10" hits="1"/>
						<line number="12" hits="1"/>
						<line number="13" hits="1"/>
						<line number="15" hits="1"/>
						<line number="16" hits="1"/>
					</lines>
				</class>
				<class name="subproperty_viewset.py" filename="viewsets/waste_types/subproperty_viewset.py" complexity="0" line-rate="1" branch-rate="1">
					<methods/>
					<lines>
						<line number="1" hits="1"/>
						<line number="2" hits="1"/>
						<line number="3" hits="1"/>
						<line number="4" hits="1"/>
						<line number="5" hits="1"/>
						<line number="7" hits="1"/>
						<line number="8" hits="1"/>
						<line number="12" hits="1"/>
						<line number="13" hits="1"/>
						<line number="14" hits="1"/>
						<line number="15" hits="1"/>
						<line number="17" hits="1"/>
						<line number="18" hits="1"/>
					</lines>
				</class>
			</classes>
		</package>
	</packages>
</coverage>
